[20:17:04] [main/INFO]: Loading Minecraft 1.20.1 with Fabric Loader 0.16.9
[20:17:13] [ForkJoinPool-1-worker-1/WARN]: The mod "dungeons_arise" contains invalid entries in its mod json:
- Unsupported root entry "credits" at line 12 column 12
[20:17:13] [ForkJoinPool-1-worker-2/WARN]: Mod tectonic uses the version 2.4.1b which isn't compatible with Loader's extended semantic version format (Could not parse version number component '1b'!), SemVer is recommended for reliably evaluating dependencies and prioritizing newer version
[20:17:14] [main/WARN]: Warnings were found!
 - Mod 'Debugify' (debugify) 1.20.1+2.0 recommends any 3.x version of yet-another-config-lib, which is missing!
	 - You should install any 3.x version of yet-another-config-lib for the optimal experience.
 - Mod 'Debugify' (debugify) 1.20.1+2.0 recommends any version of modmenu, which is missing!
	 - You should install any version of modmenu for the optimal experience.
[20:17:14] [main/INFO]: Loading 260 mods:
	- achiopt 1.0.1
	- appleskin 2.5.1+mc1.20
	- archers 1.2.5+1.20.1
	   \-- com_github_zsoltmolnarrr_tinyconfig 2.3.2
	- architectury 9.2.14
	- armordamagescale 1.20.1-3.1
	   \-- com_ezylang_evalex 3.0.1
	- asynclocator 1.3.0
	- awesomedungeon 3.2.0
	- awesomedungeonend 3.1.1
	- awesomedungeonnether 3.1.1
	- awesomedungeonocean 3.3.0
	- azurelibarmor 2.0.8
	- bagofholding 8.0.2
	   |-- extensibleenums 7.0.1
	   \-- puzzlesapi 8.1.6
	        \-- puzzlesaccessapi 8.0.9
	- bclib 3.0.14
	   \-- wunderlib 1.1.5
	- bettercombat 1.8.6+1.20.1
	- betterdeserttemples 1.20-Fabric-3.0.3
	   \-- org_reflections_reflections 0.10.2
	- betterdungeons 1.20-Fabric-4.0.4
	- betterend 4.0.11
	- betterendisland 1.20-Fabric-2.0.6
	- betterfortresses 1.20-Fabric-2.0.6
	- betterjungletemples 1.20-Fabric-2.0.5
	- bettermineshafts 1.20-Fabric-4.0.4
	- betternether 9.0.10
	- betteroceanmonuments 1.20-Fabric-3.0.4
	- betterstrongholds 1.20-Fabric-4.0.3
	- bettervillage 3.1.0
	- betterwitchhuts 1.20-Fabric-3.0.3
	- biomemusic 1.20.1-2.5
	- bookshelf 20.2.13
	- bosses_of_mass_destruction 1.7.5-1.20.1
	   |-- maelstrom_library 1.6.1-1.20
	   \-- multipart_entities 1.5-1.20
	- brewinandchewin 3.0.6+1.20.1
	   \-- mm 2.3
	- cardinal-components 5.2.2
	   |-- cardinal-components-base 5.2.2
	   |-- cardinal-components-block 5.2.2
	   |-- cardinal-components-chunk 5.2.2
	   |-- cardinal-components-entity 5.2.2
	   |-- cardinal-components-item 5.2.2
	   |-- cardinal-components-level 5.2.2
	   |-- cardinal-components-scoreboard 5.2.2
	   \-- cardinal-components-world 5.2.2
	- chunky 1.3.146
	- cloth-config 11.1.136
	   \-- cloth-basic-math 0.6.1
	- clumps 12.0.0.4
	- collective 7.84
	- combatroll 1.3.3+1.20.1
	- couplings 1.9.5+1.20
	- creeperoverhaul 3.0.2
	- cristellib 1.1.5
	   \-- blue_endless_jankson 1.2.3
	- cupboard 1.20.1-2.7
	- debugify 1.20.1+2.0
	- dragonfight 1.20.1-4.6
	- duckling 3.0.0
	- dummmmmmy 1.20-2.0.2
	- dungeon_difficulty 2.2.1+1.20.1
	   \-- com_github_zsoltmolnarrr_tinyconfig 2.3.2
	- dungeons_arise 2.1.58
	- dungeons_arise_seven_seas 1.0.2
	- e4mc_minecraft 5.1.0
	   \-- folk_sisby_kaleido-config 0.3.1+1.3.1
	- easyanvils 8.0.2
	- easymagic 8.0.1
	- ecologics 2.2.0
	- emi 1.1.13+1.20.1+fabric
	- emi_enchanting 0.1.2+1.20.1
	- emi_loot 0.7.3+1.20.1+fabric
	- emojiful 4.2.0
	   |-- com_esotericsoftware_yamlbeans_yamlbeans 1.15
	   \-- midnightlib 1.1.0
	- endermanoverhaul 1.0.4
	- endrem 5.2.4
	- expandeddelight 0.3.2
	   |-- mm 2.3
	   \-- omega-config 1.4.0+1.20.1
	- explorify 1.6.2
	- fabric-api 0.92.2+1.20.1
	   |-- fabric-api-base 0.4.31+1802ada577
	   |-- fabric-api-lookup-api-v1 1.6.36+1802ada577
	   |-- fabric-biome-api-v1 13.0.13+1802ada577
	   |-- fabric-block-api-v1 1.0.11+1802ada577
	   |-- fabric-block-view-api-v2 1.0.1+1802ada577
	   |-- fabric-blockrenderlayer-v1 1.1.41+1802ada577
	   |-- fabric-client-tags-api-v1 1.1.2+1802ada577
	   |-- fabric-command-api-v1 1.2.34+f71b366f77
	   |-- fabric-command-api-v2 2.2.13+1802ada577
	   |-- fabric-commands-v0 0.2.51+df3654b377
	   |-- fabric-containers-v0 0.1.64+df3654b377
	   |-- fabric-content-registries-v0 4.0.11+1802ada577
	   |-- fabric-convention-tags-v1 1.5.5+1802ada577
	   |-- fabric-crash-report-info-v1 0.2.19+1802ada577
	   |-- fabric-data-attachment-api-v1 1.0.0+de0fd6d177
	   |-- fabric-data-generation-api-v1 12.3.4+1802ada577
	   |-- fabric-dimensions-v1 2.1.54+1802ada577
	   |-- fabric-entity-events-v1 1.6.0+1c78457f77
	   |-- fabric-events-interaction-v0 0.6.2+1802ada577
	   |-- fabric-events-lifecycle-v0 0.2.63+df3654b377
	   |-- fabric-game-rule-api-v1 1.0.40+1802ada577
	   |-- fabric-item-api-v1 2.1.28+1802ada577
	   |-- fabric-item-group-api-v1 4.0.12+1802ada577
	   |-- fabric-key-binding-api-v1 1.0.37+1802ada577
	   |-- fabric-keybindings-v0 0.2.35+df3654b377
	   |-- fabric-lifecycle-events-v1 2.2.22+1802ada577
	   |-- fabric-loot-api-v2 1.2.1+1802ada577
	   |-- fabric-loot-tables-v1 1.1.45+9e7660c677
	   |-- fabric-message-api-v1 5.1.9+1802ada577
	   |-- fabric-mining-level-api-v1 2.1.50+1802ada577
	   |-- fabric-model-loading-api-v1 1.0.3+1802ada577
	   |-- fabric-models-v0 0.4.2+9386d8a777
	   |-- fabric-networking-api-v1 1.3.11+1802ada577
	   |-- fabric-networking-v0 0.3.51+df3654b377
	   |-- fabric-object-builder-api-v1 11.1.3+1802ada577
	   |-- fabric-particles-v1 1.1.2+1802ada577
	   |-- fabric-recipe-api-v1 1.0.21+1802ada577
	   |-- fabric-registry-sync-v0 2.3.3+1802ada577
	   |-- fabric-renderer-api-v1 3.2.1+1802ada577
	   |-- fabric-renderer-indigo 1.5.2+85287f9f77
	   |-- fabric-renderer-registries-v1 3.2.46+df3654b377
	   |-- fabric-rendering-data-attachment-v1 0.3.37+92a0d36777
	   |-- fabric-rendering-fluids-v1 3.0.28+1802ada577
	   |-- fabric-rendering-v0 1.1.49+df3654b377
	   |-- fabric-rendering-v1 3.0.8+1802ada577
	   |-- fabric-resource-conditions-api-v1 2.3.8+1802ada577
	   |-- fabric-resource-loader-v0 0.11.10+1802ada577
	   |-- fabric-screen-api-v1 2.0.8+1802ada577
	   |-- fabric-screen-handler-api-v1 1.3.30+1802ada577
	   |-- fabric-sound-api-v1 1.0.13+1802ada577
	   |-- fabric-transfer-api-v1 3.3.5+8dd72ea377
	   \-- fabric-transitive-access-wideners-v1 4.3.1+1802ada577
	- fabric-language-kotlin 1.12.2+kotlin.2.0.20
	   |-- org_jetbrains_kotlin_kotlin-reflect 2.0.20
	   |-- org_jetbrains_kotlin_kotlin-stdlib 2.0.20
	   |-- org_jetbrains_kotlin_kotlin-stdlib-jdk7 2.0.20
	   |-- org_jetbrains_kotlin_kotlin-stdlib-jdk8 2.0.20
	   |-- org_jetbrains_kotlinx_atomicfu-jvm 0.25.0
	   |-- org_jetbrains_kotlinx_kotlinx-coroutines-core-jvm 1.9.0
	   |-- org_jetbrains_kotlinx_kotlinx-coroutines-jdk8 1.9.0
	   |-- org_jetbrains_kotlinx_kotlinx-datetime-jvm 0.6.1
	   |-- org_jetbrains_kotlinx_kotlinx-io-bytestring-jvm 0.5.4
	   |-- org_jetbrains_kotlinx_kotlinx-io-core-jvm 0.5.4
	   |-- org_jetbrains_kotlinx_kotlinx-serialization-cbor-jvm 1.7.2
	   |-- org_jetbrains_kotlinx_kotlinx-serialization-core-jvm 1.7.2
	   \-- org_jetbrains_kotlinx_kotlinx-serialization-json-jvm 1.7.2
	- fabricloader 0.16.9
	   \-- mixinextras 0.4.1
	- fallingtree 4.3.4
	- farmersdelight 1.20.1-2.1.6+refabricated
	   |-- mm 2.3
	   |-- porting_lib_accessors 2.3.4+1.20.1
	   |    \-- porting_lib_core 2.3.4+1.20.1
	   |-- porting_lib_base 2.3.4+1.20.1
	   |    |-- porting_lib_attributes 2.3.4+1.20.1
	   |    |-- porting_lib_common 2.3.4+1.20.1
	   |    |-- porting_lib_core 2.3.4+1.20.1
	   |    |-- porting_lib_entity 2.3.4+1.20.1
	   |    |-- porting_lib_extensions 2.3.4+1.20.1
	   |    |-- porting_lib_fluids 2.3.4+1.20.1
	   |    |-- porting_lib_mixin_extensions 2.3.4+1.20.1
	   |    |-- porting_lib_transfer 2.3.4+1.20.1
	   |    |-- porting_lib_utility 2.3.4+1.20.1
	   |    \-- reach-entity-attributes 2.4.0
	   |-- porting_lib_config 2.3.4+1.20.1
	   |    \-- porting_lib_core 2.3.4+1.20.1
	   |-- porting_lib_lazy_registration 2.3.4+1.20.1
	   |    \-- porting_lib_core 2.3.4+1.20.1
	   |-- porting_lib_loot 2.3.4+1.20.1
	   |    \-- porting_lib_core 2.3.4+1.20.1
	   |-- porting_lib_networking 2.3.4+1.20.1
	   |    \-- porting_lib_core 2.3.4+1.20.1
	   |-- porting_lib_recipe_book_categories 2.3.4+1.20.1
	   |    \-- porting_lib_core 2.3.4+1.20.1
	   |-- porting_lib_tags 3.0
	   |    \-- porting_lib_core 2.3.4+1.20.1
	   \-- porting_lib_tool_actions 2.3.4+1.20.1
	        \-- porting_lib_core 2.3.4+1.20.1
	- ferritecore 6.0.1
	- festive_delight 1.0.0
	- forgeconfigapiport 8.0.0
	- friendlyfire 18.0.7
	- fwaystones 3.3.2+mc1.20.1
	- fzzy_config 0.4.3+1.20.1
	   |-- fabric-permissions-api-v0 0.3.1
	   \-- net_peanuuutz_tomlkt_tomlkt-jvm 0.3.7
	- gazebo 1.1.1+1.20.1
	   \-- com_github_zsoltmolnarrr_tinyconfig 2.3.2
	- geckolib 4.4.9
	   \-- com_eliotlash_mclib_mclib 20
	- graveyard 3.0
	- iceberg 1.1.18
	- illagerinvasion 8.0.6
	   \-- extensibleenums 7.0.1
	- jade 11.11.0+fabric
	- jadeaddons 5.3.1+fabric
	- java 17
	- jewelry 1.3.7+1.20.1
	   \-- com_github_zsoltmolnarrr_tinyconfig 2.3.2
	- kiwi 11.6.2
	- konkrete 1.8.1
	- libertyvillagers 1.0.15.1+fabric+1.20.1
	   \-- server_translations_api 2.0.0+1.20
	        \-- packet_tweaker 0.4.0+1.19.4
	- libraryferret 4.0.0
	- lithium 0.11.2
	- lithostitched 1.3.0
	- melody 1.0.3
	- memoryleakfix 1.1.2
	- mes 1.3.1-1.20-fabric
	- minecells 1.8.5
	   \-- gimm1q 0.6.1+1.20.1
	- minecraft 1.20.1
	- mixintrace 1.1.1+1.17
	- mns 1.0.1-1.20-fabric
	- modernfix 5.19.4+mc1.20.1
	- moonlight 1.20-2.13.0
	- mr_remove_terralithintromessage 1.0
	- naturalist 4.0.3
	- no-shield-delay 1.0.1
	   |-- com_electronwill_night-config_core 3.8.1
	   \-- com_electronwill_night-config_toml 3.8.1
	- nochatreports 1.20.1-v2.2.2
	   |-- fabric-rendering-v1 3.0.6+b3afc78b82
	   \-- fabric-screen-api-v1 2.0.6+b3afc78b82
	- owo 0.11.2+1.20
	- paladins 1.3.1+1.20.1
	   \-- com_github_zsoltmolnarrr_tinyconfig 2.3.2
	- passablefoliage 1.20.1-fabric-8.2.1
	- paxi 1.20-Fabric-4.0
	- philipsruins 1.20.1
	- player-animator 1.0.2-rc1+1.20
	- puzzleslib 8.1.23
	- ranged_weapon_api 1.1.4+1.20.1
	- redirector 1.20.1-4.4.0
	- resourcefulconfig 2.1.2
	- resourcefullib 2.1.29
	   |-- com_teamresourceful_bytecodecs 1.0.2
	   \-- com_teamresourceful_yabn 1.0.3
	- rogues 1.1.0+1.20.1
	   \-- com_github_zsoltmolnarrr_tinyconfig 2.3.2
	- runes 0.9.13+1.20.1
	- shield_api 1.0.1+1.20.1
	- smarterfarmers 1.20-2.1.0
	- smwyg 1.1.1
	- spark 1.10.53
	- spell_engine 0.15.11+1.20.1
	   \-- com_github_zsoltmolnarrr_tinyconfig 2.3.2
	- spell_power 0.12.0+1.20.1
	   \-- com_github_zsoltmolnarrr_tinyconfig 2.3.2
	- starterkit 7.1
	- structory 1.3.5
	- structory_towers 1.0.7
	- structure_pool_api 1.0+1.20.1
	- structureessentials 1.20.1-3.4
	- supplementaries 1.20-2.8.17
	   \-- mixinsquared 0.1.1
	- t_and_t 1.12
	- tectonic 2.4.1b
	- terralith 2.5.4
	- trinkets 3.7.2
	- variablespawnerhardness 1.20.1-1.2.2
	- villagernames 4.5.2
	- villagersplus 3.1
	- villagespawnpoint 4.4
	- waveycapes 1.4.9
	- wits 1.1.0+1.20.1-fabric
	- wizards 1.3.0+1.20.1
	   \-- com_github_zsoltmolnarrr_tinyconfig 2.3.2
	- xaerominimap 24.4.0
	- xaeroworldmap 1.39.0
	- yet_another_config_lib_v3 3.5.0+1.20.1-fabric
	   |-- com_twelvemonkeys_common_common-image 3.10.0
	   |-- com_twelvemonkeys_common_common-io 3.10.0
	   |-- com_twelvemonkeys_common_common-lang 3.10.0
	   |-- com_twelvemonkeys_imageio_imageio-core 3.10.0
	   |-- com_twelvemonkeys_imageio_imageio-metadata 3.10.0
	   |-- com_twelvemonkeys_imageio_imageio-webp 3.10.0
	   |-- org_quiltmc_parsers_gson 0.2.1
	   \-- org_quiltmc_parsers_json 0.2.1
	- yigd 2.0.6
	   \-- libgui 8.1.1+1.20.1
	        |-- jankson 6.0.0+j1.2.3
	        \-- libninepatch 1.2.0
	- yosbr 0.1.2
	- yungsapi 1.20-Fabric-4.0.5
	   \-- org_javassist_javassist 3.29.2-GA
	- yungsbridges 1.20-Fabric-4.0.3
[20:17:15] [main/INFO]: Applying default options... (YOSBR)
[20:17:16] [main/INFO]: SpongePowered MIXIN Subsystem Version=0.8.7 Source=file:/workspaces/Holii/servidor_minecraft/libraries/net/fabricmc/sponge-mixin/0.15.4+mixin.0.8.7/sponge-mixin-0.15.4+mixin.0.8.7.jar Service=Knot/Fabric Env=SERVER
[20:17:16] [main/INFO]: Compatibility level set to JAVA_17
[20:17:17] [main/INFO]: Preloading Debugify
[20:17:17] [main/WARN]: Reference map 'gazebo-refmap.json' for gazebo.mixins.json could not be read. If this is a development environment you can ignore this message
[20:17:17] [main/WARN]: Reference map 'graveyard-FABRIC-fabric-refmap.json' for graveyard-fabric.mixins.json could not be read. If this is a development environment you can ignore this message
[20:17:17] [main/INFO]: Loaded configuration file for Lithium: 115 options available, 1 override(s) found
[20:17:18] [main/INFO]: Loaded configuration file for ModernFix 5.19.4+mc1.20.1: 61 options available, 0 override(s) found
[20:17:18] [main/INFO]: Applying Nashorn fix
[20:17:18] [main/WARN]: Reference map 'philipsruins-refmap.json' for philipsruins.mixins.json could not be read. If this is a development environment you can ignore this message
[20:17:18] [main/WARN]: Reference map 'starterkit_fabric.refmap.json' for starterkit_fabric.mixins.json could not be read. If this is a development environment you can ignore this message
[20:17:18] [main/WARN]: Reference map 'wits-common-refmap.json' for wits-common.mixins.json could not be read. If this is a development environment you can ignore this message
[20:17:20] [main/WARN]: Error loading class: net/minecraft/class_906 (java.lang.ClassNotFoundException: net/minecraft/class_906)
[20:17:20] [main/WARN]: @Mixin target net.minecraft.class_906 was not found porting_lib_tool_actions.mixins.json:FishingHookRendererMixin from mod porting_lib_tool_actions
[20:17:21] [main/WARN]: Error loading class: net/minecraft/class_5272 (java.lang.ClassNotFoundException: net/minecraft/class_5272)
[20:17:21] [main/WARN]: @Mixin target net.minecraft.class_5272 was not found libertyvillagers.mixins.json:ModelPredicateProviderRegistryMixin from mod libertyvillagers
[20:17:21] [main/WARN]: Force-disabling mixin 'alloc.blockstate.StateMixin' as rule 'mixin.alloc.blockstate' (added by mods [ferritecore]) disables it and children
[20:17:21] [main/WARN]: Error loading class: net/minecraft/class_337$1 (java.lang.ClassNotFoundException: net/minecraft/class_337$1)
[20:17:21] [main/WARN]: @Mixin target net/minecraft/class_337$1 was not found minecells.mixins.json:client.hud.BossBarUpdaterMixin from mod minecells
[20:17:21] [main/WARN]: Error loading class: fr/catcore/server/translations/api/resource/language/SystemDelegatedLanguage (java.lang.ClassNotFoundException: fr/catcore/server/translations/api/resource/language/SystemDelegatedLanguage)
[20:17:22] [main/INFO]: Loaded config for: structureessentials.json
[20:17:22] [main/WARN]: Error loading class: com/beansgalaxy/backpacks/compat/TrinketsRegistry$1 (java.lang.ClassNotFoundException: com/beansgalaxy/backpacks/compat/TrinketsRegistry$1)
[20:17:22] [main/WARN]: Error loading class: com/tiviacz/travelersbackpack/compat/trinkets/TravelersBackpackTrinket (java.lang.ClassNotFoundException: com/tiviacz/travelersbackpack/compat/trinkets/TravelersBackpackTrinket)
[20:17:22] [main/INFO]: [MemoryLeakFix] Will be applying 1 memory leak fixes!
[20:17:22] [main/INFO]: [MemoryLeakFix] Currently enabled memory leak fixes: [biomeTemperatureLeak]
[20:17:23] [main/WARN]: Error loading class: org/jetbrains/annotations/ApiStatus$Internal (java.lang.ClassNotFoundException: org/jetbrains/annotations/ApiStatus$Internal)
[20:17:23] [main/WARN]: Error loading class: net/minecraft/class_314 (java.lang.ClassNotFoundException: net/minecraft/class_314)
[20:17:23] [main/WARN]: @Mixin target net.minecraft.class_314 was not found mixins.mm.json:net.minecraft.class_314 from mod mm
[20:17:24] [main/INFO]: Initializing MixinExtras via com.llamalad7.mixinextras.service.MixinExtrasServiceImpl(version=0.4.1).
[20:17:27] [main/INFO]: Mixing common.MixinFriendlyByteBuf from mixins/common/nochatreports.mixins.json into net.minecraft.class_2540
[20:17:27] [main/INFO]: Renaming synthetic method lambda$onWriteJsonWithCodec$1(Ljava/lang/Object;Ljava/lang/String;)Lio/netty/handler/codec/EncoderException; to md7d8789$nochatreports$lambda$onWriteJsonWithCodec$1$0 in mixins/common/nochatreports.mixins.json:common.MixinFriendlyByteBuf from mod nochatreports
[20:17:27] [main/INFO]: Renaming synthetic method lambda$onReadJsonWithCodec$0(Ljava/lang/String;)Lio/netty/handler/codec/DecoderException; to md7d8789$nochatreports$lambda$onReadJsonWithCodec$0$1 in mixins/common/nochatreports.mixins.json:common.MixinFriendlyByteBuf from mod nochatreports
[20:17:30] [main/WARN]: @Inject(@At("INVOKE")) Shift.BY=2 on porting_lib_entity.mixins.json:common.LivingEntityMixin from mod porting_lib_entity::handler$dio000$porting_lib_entity$port_lib$onFinishUsing exceeds the maximum allowed value: 0. Increase the value of maxShiftBy to suppress this warning.
[20:17:31] [main/INFO]: Injecting BlockStateBase cache population hook into getNeighborPathNodeType from me.jellysquid.mods.lithium.mixin.ai.pathing.AbstractBlockStateMixin
[20:17:31] [main/INFO]: Injecting BlockStateBase cache population hook into getPathNodeType from me.jellysquid.mods.lithium.mixin.ai.pathing.AbstractBlockStateMixin
[20:17:31] [main/INFO]: Injecting BlockStateBase cache population hook into getAllFlags from me.jellysquid.mods.lithium.mixin.util.block_tracking.AbstractBlockStateMixin
[20:17:31] [main/WARN]: @Redirect conflict. Skipping redirector.mixins.json:net.minecraft.world.level.block.piston.PistonBaseBlockMixin from mod redirector->@Redirect::redirectDirections()[Lnet/minecraft/class_2350; with priority 10, already redirected by lithium.mixins.json:alloc.enum_values.piston_block.PistonBlockMixin from mod lithium->@Redirect::removeAllocation()[Lnet/minecraft/class_2350; with priority 1000
[20:17:31] [main/WARN]: @Redirect conflict. Skipping redirector.mixins.json:net.minecraft.world.level.block.piston.PistonBaseBlockMixin from mod redirector->@Redirect::redirectDirections()[Lnet/minecraft/class_2350; with priority 10, already redirected by lithium.mixins.json:alloc.enum_values.piston_block.PistonBlockMixin from mod lithium->@Redirect::removeAllocation()[Lnet/minecraft/class_2350; with priority 1000
[20:17:31] [main/WARN]: @Redirect conflict. Skipping redirector.mixins.json:net.minecraft.world.level.block.RedStoneWireBlockMixin from mod redirector->@Redirect::redirectDirections()[Lnet/minecraft/class_2350; with priority 10, already redirected by lithium.mixins.json:alloc.enum_values.redstone_wire.RedstoneWireBlockMixin from mod lithium->@Redirect::removeAllocation1()[Lnet/minecraft/class_2350; with priority 1000
[20:17:31] [main/WARN]: @Redirect conflict. Skipping redirector.mixins.json:net.minecraft.world.level.block.RedStoneWireBlockMixin from mod redirector->@Redirect::redirectDirections()[Lnet/minecraft/class_2350; with priority 10, already redirected by lithium.mixins.json:alloc.enum_values.redstone_wire.RedstoneWireBlockMixin from mod lithium->@Redirect::removeAllocation2()[Lnet/minecraft/class_2350; with priority 1000
[20:17:34] [main/WARN]: Method overwrite conflict for itemStack in spell_engine.mixins.json:ItemStackMixin from mod spell_engine, previously written by net.dungeon_difficulty.mixin.ItemStackMixin. Skipping method.
[20:17:40] [main/INFO]: Mixing server.MixinServerGamePacketListenerImpl from mixins/common/nochatreports.mixins.json into net.minecraft.class_3244
[20:17:43] [main/WARN]: Method overwrite conflict for method_21740 in modernfix-common.mixins.json:perf.remove_biome_temperature_cache.BiomeMixin from mod modernfix, previously written by me.jellysquid.mods.lithium.mixin.world.temperature_cache.BiomeMixin. Skipping method.
[20:17:45] [main/INFO]: Vanilla bootstrap took 18707 milliseconds
[20:17:45] [main/INFO]: [bclib] Added Config betternether.main to auto sync (file hash)
[20:17:45] [main/INFO]: [bclib] Added Config betternether.generator to auto sync (file hash)
[20:17:45] [main/INFO]: [bclib] Added Config betternether.blocks to auto sync (file hash)
[20:17:45] [main/INFO]: [bclib] Added Config betternether.items to auto sync (file hash)
[20:17:45] [main/INFO]: [bclib] Added Config betternether.biomes to auto sync (file hash)
[20:17:45] [main/INFO]: [bclib] Added Config betternether.mobs to auto sync (file hash)
[20:17:45] [main/INFO]: [bclib] Added Config betternether.recipes to auto sync (file hash)
[20:17:46] [main/WARN]: [bclib] Recipe betternether:bone_block_bone_button only takes in a single item and should be shapeless
[20:17:48] [main/INFO]: Loaded config for: armordamagescale.json
[20:17:48] [main/INFO]: armordamagescale mod initialized
[20:17:48] [main/INFO]: Async Locator -> Config file found
[20:17:48] [main/INFO]: Async Locator -> Configs:
Locator Threads: 1
Remove Offer: false
Dolphin Treasure Enabled: true
Eye Of Ender Enabled: true
Exploration Map Enabled: true
Locate Command Enabled: true
Villager Trade Enabled: true
[20:17:49] [main/INFO]: Constructing common components for bagofholding:main
[20:17:49] [main/INFO]: Loading common config for bagofholding
[20:17:49] [main/INFO]: [bclib] Added Config bclib.generator to auto sync (file hash)
[20:17:49] [main/INFO]: [bclib] Added Config bclib.main to auto sync (content diff)
[20:17:49] [main/INFO]: [bclib] Added Config bclib.biomes to auto sync (file hash)
[20:17:49] [pool-2-thread-1/INFO]: Reloading common config for bagofholding
[20:17:50] [main/INFO]: Reflections took 705 ms to scan 1 urls, producing 1 keys and 2 values
[20:17:50] [main/INFO]: Reflections took 15 ms to scan 1 urls, producing 1 keys and 2 values
[20:17:50] [main/INFO]: Reflections took 37 ms to scan 1 urls, producing 1 keys and 3 values
[20:17:51] [main/INFO]: Reflections took 19 ms to scan 1 urls, producing 1 keys and 3 values
[20:17:51] [main/INFO]: [bclib] Added Config betterend.entities to auto sync (file hash)
[20:17:51] [main/INFO]: [bclib] Added Config betterend.blocks to auto sync (file hash)
[20:17:51] [main/INFO]: [bclib] Added Config betterend.items to auto sync (file hash)
[20:17:51] [main/INFO]: [bclib] Added Config betterend.biomes to auto sync (file hash)
[20:17:51] [main/INFO]: [bclib] Added Config betterend.recipes to auto sync (file hash)
[20:17:51] [main/INFO]: [bclib] Added Config betterend.enchantments to auto sync (file hash)
[20:17:52] [main/INFO]: Reflections took 2 ms to scan 1 urls, producing 1 keys and 2 values
[20:17:52] [main/INFO]: Reflections took 1 ms to scan 1 urls, producing 1 keys and 2 values
[20:17:52] [main/INFO]: Reflections took 7 ms to scan 1 urls, producing 1 keys and 1 values
[20:17:52] [main/INFO]: Reflections took 7 ms to scan 1 urls, producing 1 keys and 1 values
[20:17:52] [main/INFO]: Reflections took 1 ms to scan 1 urls, producing 1 keys and 3 values
[20:17:52] [main/INFO]: Reflections took 1 ms to scan 1 urls, producing 1 keys and 3 values
[20:17:52] [main/INFO]: Reflections took 3 ms to scan 1 urls, producing 1 keys and 2 values
[20:17:52] [main/INFO]: Reflections took 2 ms to scan 1 urls, producing 1 keys and 2 values
[20:17:52] [main/INFO]: [betternether] =^..^=    BetterNether for 1.20    =^..^=
[20:17:52] [main/WARN]: @Redirect conflict. Skipping redirector.mixins.json:net.minecraft.world.level.block.state.CacheMixin from mod redirector->@Redirect::redirectSupportTypes()[Lnet/minecraft/class_5431; with priority 10, already redirected by modernfix-common.mixins.json:perf.cache_blockstate_cache_arrays.AbstractBlockStateCacheMixin from mod modernfix->@Redirect::getVoxelShapeValues()[Lnet/minecraft/class_5431; with priority 1000
[20:17:53] [main/INFO]: Reflections took 4 ms to scan 1 urls, producing 1 keys and 1 values
[20:17:53] [main/INFO]: Reflections took 5 ms to scan 1 urls, producing 1 keys and 1 values
[20:17:53] [main/INFO]: Reflections took 7 ms to scan 1 urls, producing 1 keys and 2 values
[20:17:53] [main/INFO]: Reflections took 2 ms to scan 1 urls, producing 1 keys and 2 values
[20:17:53] [main/INFO]: Reflections took 6 ms to scan 1 urls, producing 1 keys and 1 values
[20:17:53] [main/INFO]: Reflections took 1 ms to scan 1 urls, producing 1 keys and 1 values
[20:17:53] [main/INFO]: biomemusic mod initialized
[20:17:53] [main/INFO]: Fixing MC-151457. Crafting remainder for minecraft:pufferfish_bucket is now minecraft:bucket.
[20:17:53] [main/INFO]: Fixing MC-151457. Crafting remainder for minecraft:salmon_bucket is now minecraft:bucket.
[20:17:53] [main/INFO]: Fixing MC-151457. Crafting remainder for minecraft:cod_bucket is now minecraft:bucket.
[20:17:53] [main/INFO]: Fixing MC-151457. Crafting remainder for minecraft:tropical_fish_bucket is now minecraft:bucket.
[20:17:53] [main/INFO]: Fixing MC-151457. Crafting remainder for minecraft:axolotl_bucket is now minecraft:bucket.
[20:17:53] [main/INFO]: Fixing MC-151457. Crafting remainder for minecraft:powder_snow_bucket is now minecraft:bucket.
[20:17:53] [main/INFO]: Fixing MC-151457. Crafting remainder for minecraft:tadpole_bucket is now minecraft:bucket.
[20:17:53] [main/INFO]: Loading Collective version 7.84.
[20:17:54] [main/INFO]: Loaded config for: cupboard.json
[20:17:54] [main/INFO]: Enabled 34 bug fixes: [MC-2025, MC-7569, MC-8187, MC-14923, MC-30391, MC-31819, MC-69216, MC-72151, MC-88371, MC-89146, MC-90084, MC-93018, MC-100991, MC-119417, MC-119754, MC-121706, MC-121903, MC-124117, MC-129909, MC-132878, MC-135971, MC-155509, MC-160095, MC-179072, MC-183990, MC-193343, MC-199467, MC-200418, MC-206922, MC-215530, MC-223153, MC-224729, MC-231743, MC-232869]
[20:17:54] [main/INFO]: Successfully Debugify'd your game!
[20:17:54] [main/INFO]: Loaded config dummmmmmy-common.json
[20:17:54] [main/WARN]: Lithium detected. MmmMmmMmmMmm scarecrow mode has been disabled as lithium doesnt have a way to add goals to new entities
[20:17:54] [main/INFO]: Hello Fabric world!
[20:17:54] [main/INFO]: Constructing common components for easyanvils:main
[20:17:54] [main/INFO]: Constructing common components for easymagic:main
[20:17:57] [main/INFO]: Initializing FestiveDelightMod
[20:17:58] [main/INFO]: Loaded config file.
[20:17:58] [main/INFO]: Saved config file.
[20:17:58] [main/INFO]: Is initializing.
[20:17:58] [main/INFO]: Has successfully been initialized.
[20:17:58] [main/INFO]: Initializing Gimm1q - Mim1q's Fabric modding library!
[20:17:58] [main/INFO]: Registered JSON trade offer adapter.
[20:17:58] [main/INFO]: Constructing common components for illagerinvasion:main
[20:17:59] [main/INFO]: Processing 4 KiwiModule annotations
[20:17:59] [main/INFO]: Module [kiwi:contributors] initialized
[20:17:59] [main/INFO]: Module [passablefoliage:core] initialized
[20:17:59] [main/INFO]: Module [kiwi:data] initialized
[20:17:59] [main/INFO]: 		recipe_serializer: 3
[20:17:59] [main/INFO]: Module [passablefoliage:enchantment] initialized
[20:17:59] [main/INFO]: 		enchantment: 1
[20:17:59] [main/INFO]: [KONKRETE] Successfully initialized!
[20:17:59] [main/INFO]: [KONKRETE] Server-side libs ready to use!
[20:18:00] [main/INFO]: Initialize mod Library Ferret
[20:18:00] [main/INFO]: Initialized mod Library Ferret
[20:18:00] [main/INFO]: [MELODY] Disabling Melody since it's loaded server-side.
[20:18:00] [main/INFO]: Definitely not up to no good
[20:18:01] [main/INFO]: Reading config file for no-shield-delay
[20:18:01] [main/INFO]: Enabled: true, Raise Time: 1
[20:18:01] [main/INFO]: Finished Initializing no-shield-delay
[20:18:01] [main/INFO]: KONNICHIWA ZA WARUDO!
[20:18:01] [main/INFO]: Default JVM text encoding is: UTF-8
[20:18:01] [main/INFO]: Reading config file NoChatReports/NCR-Common.json...
[20:18:01] [main/INFO]: Writing config file NoChatReports/NCR-Common.json...
[20:18:01] [main/INFO]: There is a 1% chance that instead of Frog, you get Froge!
[20:18:01] [main/INFO]: Constructing common components for puzzlesapi:iteminteractions
[20:18:01] [main/INFO]: Constructing common components for puzzlesapi:slotcycling
[20:18:01] [main/INFO]: Constructing common components for puzzlesapi:limitlesscontainers
[20:18:01] [main/INFO]: Constructing common components for puzzlesapi:statues
[20:18:01] [main/INFO]: Constructing common components for puzzleslib:main
[20:18:01] [main/INFO]: Shield API initialized!
[20:18:01] [main/INFO]: structureessentials mod initialized
[20:18:01] [main/INFO]: Loaded config supplementaries-common.json
[20:18:02] [main/INFO]: VariableSpawnerHardness loading
[20:18:03] [main/INFO]: Registered JSON trade offer adapter.
[20:18:03] [main/INFO]: Reflections took 7 ms to scan 1 urls, producing 1 keys and 4 values
[20:18:03] [main/INFO]: Reflections took 5 ms to scan 1 urls, producing 1 keys and 4 values
[20:18:03] [main/INFO]: Reflections took 2 ms to scan 1 urls, producing 1 keys and 2 values
[20:18:03] [main/INFO]: Reflections took 1 ms to scan 1 urls, producing 1 keys and 2 values
[20:18:04] [main/INFO]: Initialized block sets in 46ms
[20:18:04] [main/INFO]: Loaded config smarterfarmers-common.json
[20:18:04] [main/INFO]: Initialized color sets in 97ms
[20:18:04] [main/INFO]: Finished mod setup in: [0, 2, 0, 1, 0, 1, 23, 10, 2] ms
[20:18:04] [main/INFO]: Loading Xaero's Minimap - Stage 1/2 (Server)
[20:18:04] [main/INFO]: Loading Xaero's World Map - Stage 1/2 (Server)
[20:18:04] [main/INFO]: Environment: authHost='https://authserver.mojang.com', accountsHost='https://api.mojang.com', sessionHost='https://sessionserver.mojang.com', servicesHost='https://api.minecraftservices.com', name='PROD'
[20:18:04] [main/INFO]: Bypassed Mojang DFU
[20:18:05] [main/INFO]: [DataFixerAPI] Applying Patch{betternether:5.3.5:21020677}
[20:18:05] [main/INFO]: [DataFixerAPI] Applying Patch{betternether:8.2.2:33587202}
[20:18:05] [main/INFO]: [DataFixerAPI] Applying Patch{betternether:9.0.1:37748737}
[20:18:05] [main/INFO]: [DataFixerAPI] Applying Patch{bclib:3.0.11:12582923}
[20:18:05] [main/INFO]: [bclib] Running Pre Patchers on ./world/.
[20:18:05] [main/WARN]: [bclib] Applying Fixes on Level
[20:18:05] [main/INFO]: [bclib] Patcher Stage... Reading Data%
[20:18:05] [main/INFO]: [bclib] Patcher Stage... Fixing Players%
[20:18:05] [main/INFO]: [bclib] Patcher Stage... Applying Patches to level.dat%
[20:18:05] [main/INFO]: [DataFixerAPI] Inspecting level.dat in ./world/.
[20:18:05] [main/INFO]: [bclib] Patcher Stage... Patching Custom World-Data%
[20:18:05] [main/INFO]: [bclib] Patcher Stage... Repairing all Regions%
[20:18:05] [main/INFO]: [DataFixerAPI] Inspecting ./world/./region/r.0.-1.mca
[20:18:05] [ForkJoinPool.commonPool-worker-1/INFO]: [DataFixerAPI] Inspecting ./world/./region/r.-1.0.mca
[20:18:05] [main/INFO]: [DataFixerAPI] Inspecting ./world/./region/r.-1.-1.mca
[20:18:05] [ForkJoinPool.commonPool-worker-1/INFO]: [DataFixerAPI] Inspecting ./world/./region/r.0.0.mca
[20:18:05] [main/INFO]: [bclib] Patcher Stage... Saving Patch State%
[20:18:05] [main/INFO]: [DataFixerAPI] Updating Patch-Level for 'betternether' from 0.0.0 to 9.0.1
[20:18:05] [main/INFO]: [DataFixerAPI] Updating Patch-Level for 'bclib' from 0.0.0 to 3.0.11
[20:18:05] [main/INFO]: Generated runtime SERVER_DATA for pack Supplementaries Generated Pack (supplementaries) in: 36 ms
[20:18:05] [main/INFO]: [bclib] Did not manage biome betterend:empty_aurora_cave
[20:18:05] [main/INFO]: [bclib] Did not manage biome betterend:empty_end_cave
[20:18:05] [main/INFO]: [bclib] Did not manage biome betterend:empty_smaragdant_cave
[20:18:05] [main/INFO]: [bclib] Did not manage biome betterend:jade_cave
[20:18:05] [main/INFO]: [bclib] Did not manage biome betterend:lush_aurora_cave
[20:18:05] [main/INFO]: [bclib] Did not manage biome betterend:lush_smaragdant_cave
[20:18:05] [main/INFO]: [bclib] Did not manage biome betterend:megalake_grove
[20:18:05] [main/INFO]: [bclib] Did not manage biome betterend:neon_oasis
[20:18:05] [main/INFO]: [bclib] Did not manage biome betterend:painted_mountains
[20:18:08] [main/INFO]: Structure placement for `awesomedungeon:abandoned_oak_palace/start_pool`: { spacing: 50, separation: 25, salt: 1694767080, useValueFromConfiguration: true}
[20:18:08] [main/INFO]: Structure placement for `awesomedungeonend:aws_all_end_structures/start_pool`: { spacing: 20, separation: 15, salt: 49082056, useValueFromConfiguration: true}
[20:18:08] [main/INFO]: Structure placement for `awesomedungeon:better_default_jungle_temple/start_pool`: { spacing: 50, separation: 25, salt: 1654787080, useValueFromConfiguration: true}
[20:18:08] [main/INFO]: Structure placement for `awesomedungeonocean:brigantine/start_pool`: { spacing: 25, separation: 10, salt: 294215156, useValueFromConfiguration: true}
[20:18:08] [main/INFO]: Structure placement for `awesomedungeon:desert_temple_husk/start_pool`: { spacing: 50, separation: 25, salt: 1394767080, useValueFromConfiguration: true}
[20:18:08] [main/INFO]: Structure placement for `awesomedungeonocean:frigate_large/start_pool`: { spacing: 25, separation: 10, salt: 354415156, useValueFromConfiguration: true}
[20:18:08] [main/INFO]: Structure placement for `awesomedungeonocean:frigate_medium/start_pool`: { spacing: 25, separation: 10, salt: 474155156, useValueFromConfiguration: true}
[20:18:08] [main/INFO]: Structure placement for `awesomedungeon:jungle_giant_tree/start_pool`: { spacing: 50, separation: 25, salt: 1494763380, useValueFromConfiguration: true}
[20:18:08] [main/INFO]: Structure placement for `awesomedungeon:mushroom_abandonned/start_pool`: { spacing: 50, separation: 25, salt: 1494227080, useValueFromConfiguration: true}
[20:18:08] [main/INFO]: Structure placement for `awesomedungeonnether:nth_absi_palace/start_pool`: { spacing: 50, separation: 25, salt: 19482856, useValueFromConfiguration: true}
[20:18:08] [main/INFO]: Structure placement for `awesomedungeonnether:nth_accum_quad/start_pool`: { spacing: 50, separation: 25, salt: 28482856, useValueFromConfiguration: true}
[20:18:08] [main/INFO]: Structure placement for `awesomedungeonnether:nth_blaze_tower/start_pool`: { spacing: 50, separation: 25, salt: 37482856, useValueFromConfiguration: true}
[20:18:08] [main/INFO]: Structure placement for `awesomedungeonnether:nth_center_square/start_pool`: { spacing: 50, separation: 25, salt: 46482856, useValueFromConfiguration: true}
[20:18:08] [main/INFO]: Structure placement for `awesomedungeonnether:nth_giant_crimson_tree/start_pool`: { spacing: 50, separation: 25, salt: 55482856, useValueFromConfiguration: true}
[20:18:08] [main/INFO]: Structure placement for `awesomedungeonnether:nth_obsi_house/start_pool`: { spacing: 50, separation: 25, salt: 64482856, useValueFromConfiguration: true}
[20:18:08] [main/INFO]: Structure placement for `awesomedungeonocean:ocean_cage/start_pool`: { spacing: 25, separation: 10, salt: 40842806, useValueFromConfiguration: true}
[20:18:08] [main/INFO]: Structure placement for `awesomedungeonocean:ocean_quad/start_pool`: { spacing: 25, separation: 10, salt: 254835856, useValueFromConfiguration: true}
[20:18:08] [main/INFO]: Structure placement for `awesomedungeonocean:ocean_ruin_pillager/start_pool`: { spacing: 25, separation: 10, salt: 254145856, useValueFromConfiguration: true}
[20:18:08] [main/INFO]: Structure placement for `awesomedungeonocean:ocean_ruin_vanilla_temple/start_pool`: { spacing: 25, separation: 10, salt: 25482856, useValueFromConfiguration: true}
[20:18:08] [main/INFO]: Structure placement for `awesomedungeonocean:ocean_temple_quad/start_pool`: { spacing: 25, separation: 10, salt: 35482856, useValueFromConfiguration: true}
[20:18:08] [main/INFO]: Structure placement for `awesomedungeonocean:ocean_the_column_temple/start_pool`: { spacing: 25, separation: 10, salt: 15482856, useValueFromConfiguration: true}
[20:18:08] [main/INFO]: Structure placement for `awesomedungeonocean:ocean_warn_temple/start_pool`: { spacing: 25, separation: 10, salt: 45482856, useValueFromConfiguration: true}
[20:18:08] [main/INFO]: Structure placement for `awesomedungeon:swamp_big_temple/start_pool`: { spacing: 50, separation: 25, salt: 1594763280, useValueFromConfiguration: true}
[20:18:08] [main/INFO]: Structure placement for `awesomedungeon:the_usine/start_pool`: { spacing: 50, separation: 25, salt: 1694767078, useValueFromConfiguration: true}
[20:18:08] [main/INFO]: Structure placement for `awesomedungeon:t_z_tower/start_pool`: { spacing: 50, separation: 25, salt: 1794767078, useValueFromConfiguration: true}
[20:18:08] [main/INFO]: Structure placement for `awesomedungeon:witch_castle/start_pool`: { spacing: 50, separation: 25, salt: 1894776078, useValueFromConfiguration: true}
[20:18:09] [main/INFO]: [bclib] Updating Pickers for BCLib - The End  BiomeSource (290e6743)
[20:18:09] [main/INFO]: [bclib] Unable to build Biome List yet
[20:18:09] [main/INFO]: [bclib] No Void Biomes found. Disabling by using barrens
[20:18:09] [main/INFO]: [bclib] No Barrens Biomes found. Disabling by using land Biomes
[20:18:09] [main/WARN]: [bclib] No Center Island Biomes found. Forcing use of vanilla center.
[20:18:09] [main/INFO]: [bclib] Updating Pickers for BCLib - Nether BiomeSource (7ede9c6a)
[20:18:09] [main/INFO]: [bclib] Unable to build Biome List yet
[20:18:09] [main/INFO]: [bclib] Updating Pickers for BCLib - The End  BiomeSource (11c0ea1)
[20:18:09] [main/INFO]: [bclib] Unable to build Biome List yet
[20:18:09] [main/INFO]: [bclib] No Void Biomes found. Disabling by using barrens
[20:18:09] [main/INFO]: [bclib] No Barrens Biomes found. Disabling by using land Biomes
[20:18:09] [main/WARN]: [bclib] No Center Island Biomes found. Forcing use of vanilla center.
[20:18:09] [main/INFO]: [bclib] Updating Pickers for BCLib - Nether BiomeSource (44500f6a)
[20:18:09] [main/INFO]: [bclib] Unable to build Biome List yet
[20:18:09] [main/INFO]: [bclib] Updating Pickers for BCLib - The End  BiomeSource (5e667b56)
[20:18:09] [main/INFO]: [bclib] Unable to build Biome List yet
[20:18:09] [main/INFO]: [bclib] No Void Biomes found. Disabling by using barrens
[20:18:09] [main/INFO]: [bclib] No Barrens Biomes found. Disabling by using land Biomes
[20:18:09] [main/WARN]: [bclib] No Center Island Biomes found. Forcing use of vanilla center.
[20:18:09] [main/INFO]: [bclib] Updating Pickers for BCLib - Nether BiomeSource (7850d555)
[20:18:09] [main/INFO]: [bclib] Unable to build Biome List yet
[20:18:09] [main/INFO]: [bclib] Updating Pickers for BCLib - The End  BiomeSource (2aa4db3e)
[20:18:09] [main/INFO]: [bclib] Unable to build Biome List yet
[20:18:09] [main/INFO]: [bclib] No Void Biomes found. Disabling by using barrens
[20:18:09] [main/INFO]: [bclib] No Barrens Biomes found. Disabling by using land Biomes
[20:18:09] [main/WARN]: [bclib] No Center Island Biomes found. Forcing use of vanilla center.
[20:18:09] [main/INFO]: [bclib] Updating Pickers for BCLib - Nether BiomeSource (77b0a563)
[20:18:09] [main/INFO]: [bclib] Unable to build Biome List yet
[20:18:09] [main/INFO]: [betternether] Freeze Registry[ResourceKey[minecraft:root / worlds_together:worldgen/betterx/surface_rules] (Stable)]
[20:18:09] [main/INFO]: [betternether] Freeze Registry[ResourceKey[minecraft:root / worlds_together:worldgen/betterx/surface_rules] (Stable)]
[20:18:09] [main/INFO]: [betternether] Freeze Registry[ResourceKey[minecraft:root / worlds_together:worldgen/betterx/surface_rules] (Stable)]
[20:18:09] [main/INFO]: [betternether] Freeze Registry[ResourceKey[minecraft:root / worlds_together:worldgen/betterx/surface_rules] (Stable)]
[20:18:10] [main/WARN]: [bclib] No valid BCLBiome Registry available!
[20:18:10] [main/WARN]: [bclib] No valid Biome Registry available!
[20:18:11] [main/WARN]: Adding spell_power:fire to saved/remote registry.
[20:18:11] [main/WARN]: Adding spell_power:frost to saved/remote registry.
[20:18:11] [main/WARN]: Adding spell_power:arcane to saved/remote registry.
[20:18:11] [main/INFO]: [fabric-registry-sync] Loaded registry data [file 1/4]
[20:18:11] [main/INFO]: [bclib] Updating Pickers for BCLib - Nether BiomeSource (3bba939a)
[20:18:11] [main/INFO]: [bclib] Unable to build Biome List yet
[20:18:11] [main/INFO]: [bclib] Updating Pickers for BCLib - The End  BiomeSource (793cdaf6)
[20:18:11] [main/INFO]: [bclib] Unable to build Biome List yet
[20:18:11] [main/INFO]: [bclib] No Void Biomes found. Disabling by using barrens
[20:18:11] [main/INFO]: [bclib] No Barrens Biomes found. Disabling by using land Biomes
[20:18:11] [main/WARN]: [bclib] No Center Island Biomes found. Forcing use of vanilla center.
[20:18:12] [main/INFO]: [betternether] Freeze Registry[ResourceKey[minecraft:root / worlds_together:worldgen/betterx/surface_rules] (Stable)]
[20:18:12] [main/INFO]: [betternether] Freeze Registry[ResourceKey[minecraft:root / worlds_together:worldgen/betterx/surface_rules] (Stable)]
[20:18:12] [main/WARN]: Method overwrite conflict for getRolls in emi_loot.mixins.json:LootPoolAccessor from mod emi_loot, previously written by net.fabricmc.fabric.mixin.loot.table.LootPoolMixin. Skipping method.
[20:18:17] [main/INFO]: parsing loot tables
[20:18:17] [main/INFO]: finished parsing loot tables
[20:18:18] [main/INFO]: [bclib] Disabling Recipe: bclib:test_star
[20:18:18] [main/ERROR]: Parsing error loading recipe supplementaries:integration/lapis_bricks_fd
com.google.gson.JsonParseException: An ingredient entry needs either a tag or an item
	at net.minecraft.class_1856.method_8107(class_1856.java:167) ~[server-intermediary.jar:?]
	at net.minecraft.class_1856.method_8102(class_1856.java:143) ~[server-intermediary.jar:?]
	at net.minecraft.class_1856.method_52177(class_1856.java:135) ~[server-intermediary.jar:?]
	at vectorwing.farmersdelight.common.crafting.CuttingBoardRecipe$Serializer.fromJson(CuttingBoardRecipe.java:176) ~[FarmersDelight-1.20.1-2.1.6+refabricated.jar:?]
	at vectorwing.farmersdelight.common.crafting.CuttingBoardRecipe$Serializer.method_8121(CuttingBoardRecipe.java:166) ~[FarmersDelight-1.20.1-2.1.6+refabricated.jar:?]
	at net.minecraft.class_1863.method_17720(class_1863.java:135) ~[server-intermediary.jar:?]
	at net.minecraft.class_1863.method_20705(class_1863.java:56) ~[server-intermediary.jar:?]
	at net.minecraft.class_1863.method_18788(class_1863.java:35) ~[server-intermediary.jar:?]
	at net.minecraft.class_4080.method_18790(class_4080.java:13) ~[server-intermediary.jar:?]
	at java.util.concurrent.CompletableFuture$UniAccept.tryFire(CompletableFuture.java:718) ~[?:?]
	at java.util.concurrent.CompletableFuture$Completion.run(CompletableFuture.java:482) ~[?:?]
	at net.minecraft.class_4014.method_18365(class_4014.java:69) ~[server-intermediary.jar:?]
	at net.minecraft.class_156.method_43498(class_156.java:950) ~[server-intermediary.jar:?]
	at net.minecraft.class_156.method_43499(class_156.java:938) ~[server-intermediary.jar:?]
	at net.minecraft.server.Main.main(Main.java:160) ~[server-intermediary.jar:?]
	at net.fabricmc.loader.impl.game.minecraft.MinecraftGameProvider.launch(MinecraftGameProvider.java:480) ~[fabric-loader-0.16.9.jar:?]
	at net.fabricmc.loader.impl.launch.knot.Knot.launch(Knot.java:74) ~[fabric-loader-0.16.9.jar:?]
	at net.fabricmc.loader.impl.launch.knot.KnotServer.main(KnotServer.java:23) ~[fabric-loader-0.16.9.jar:?]
	at net.fabricmc.loader.impl.launch.server.FabricServerLauncher.main(FabricServerLauncher.java:69) ~[fabric-loader-0.16.9.jar:?]
	at net.fabricmc.installer.ServerLauncher.main(ServerLauncher.java:69) ~[fabric-server-launch.jar:1.0.1]
[20:18:18] [main/ERROR]: Parsing error loading recipe supplementaries:integration/ash_bricks_fd
com.google.gson.JsonParseException: An ingredient entry needs either a tag or an item
	at net.minecraft.class_1856.method_8107(class_1856.java:167) ~[server-intermediary.jar:?]
	at net.minecraft.class_1856.method_8102(class_1856.java:143) ~[server-intermediary.jar:?]
	at net.minecraft.class_1856.method_52177(class_1856.java:135) ~[server-intermediary.jar:?]
	at vectorwing.farmersdelight.common.crafting.CuttingBoardRecipe$Serializer.fromJson(CuttingBoardRecipe.java:176) ~[FarmersDelight-1.20.1-2.1.6+refabricated.jar:?]
	at vectorwing.farmersdelight.common.crafting.CuttingBoardRecipe$Serializer.method_8121(CuttingBoardRecipe.java:166) ~[FarmersDelight-1.20.1-2.1.6+refabricated.jar:?]
	at net.minecraft.class_1863.method_17720(class_1863.java:135) ~[server-intermediary.jar:?]
	at net.minecraft.class_1863.method_20705(class_1863.java:56) ~[server-intermediary.jar:?]
	at net.minecraft.class_1863.method_18788(class_1863.java:35) ~[server-intermediary.jar:?]
	at net.minecraft.class_4080.method_18790(class_4080.java:13) ~[server-intermediary.jar:?]
	at java.util.concurrent.CompletableFuture$UniAccept.tryFire(CompletableFuture.java:718) ~[?:?]
	at java.util.concurrent.CompletableFuture$Completion.run(CompletableFuture.java:482) ~[?:?]
	at net.minecraft.class_4014.method_18365(class_4014.java:69) ~[server-intermediary.jar:?]
	at net.minecraft.class_156.method_43498(class_156.java:950) ~[server-intermediary.jar:?]
	at net.minecraft.class_156.method_43499(class_156.java:938) ~[server-intermediary.jar:?]
	at net.minecraft.server.Main.main(Main.java:160) ~[server-intermediary.jar:?]
	at net.fabricmc.loader.impl.game.minecraft.MinecraftGameProvider.launch(MinecraftGameProvider.java:480) ~[fabric-loader-0.16.9.jar:?]
	at net.fabricmc.loader.impl.launch.knot.Knot.launch(Knot.java:74) ~[fabric-loader-0.16.9.jar:?]
	at net.fabricmc.loader.impl.launch.knot.KnotServer.main(KnotServer.java:23) ~[fabric-loader-0.16.9.jar:?]
	at net.fabricmc.loader.impl.launch.server.FabricServerLauncher.main(FabricServerLauncher.java:69) ~[fabric-loader-0.16.9.jar:?]
	at net.fabricmc.installer.ServerLauncher.main(ServerLauncher.java:69) ~[fabric-server-launch.jar:1.0.1]
[20:18:18] [main/ERROR]: Parsing error loading recipe betterend:guide_book
com.google.gson.JsonSyntaxException: Unknown item 'betterend:guidebook'
	at net.minecraft.class_1869.method_17878(class_1869.java:272) ~[server-intermediary.jar:?]
	at java.util.Optional.orElseThrow(Optional.java:403) ~[?:?]
	at net.minecraft.class_1869.method_8155(class_1869.java:272) ~[server-intermediary.jar:?]
	at net.minecraft.class_1869.method_35228(class_1869.java:259) ~[server-intermediary.jar:?]
	at net.minecraft.class_1869$class_1870.method_8164(class_1869.java:293) ~[server-intermediary.jar:?]
	at net.minecraft.class_1869$class_1870.method_8121(class_1869.java:279) ~[server-intermediary.jar:?]
	at net.minecraft.class_1863.method_17720(class_1863.java:135) ~[server-intermediary.jar:?]
	at net.minecraft.class_1863.method_20705(class_1863.java:56) ~[server-intermediary.jar:?]
	at net.minecraft.class_1863.method_18788(class_1863.java:35) ~[server-intermediary.jar:?]
	at net.minecraft.class_4080.method_18790(class_4080.java:13) ~[server-intermediary.jar:?]
	at java.util.concurrent.CompletableFuture$UniAccept.tryFire(CompletableFuture.java:718) ~[?:?]
	at java.util.concurrent.CompletableFuture$Completion.run(CompletableFuture.java:482) ~[?:?]
	at net.minecraft.class_4014.method_18365(class_4014.java:69) ~[server-intermediary.jar:?]
	at net.minecraft.class_156.method_43498(class_156.java:950) ~[server-intermediary.jar:?]
	at net.minecraft.class_156.method_43499(class_156.java:938) ~[server-intermediary.jar:?]
	at net.minecraft.server.Main.main(Main.java:160) ~[server-intermediary.jar:?]
	at net.fabricmc.loader.impl.game.minecraft.MinecraftGameProvider.launch(MinecraftGameProvider.java:480) ~[fabric-loader-0.16.9.jar:?]
	at net.fabricmc.loader.impl.launch.knot.Knot.launch(Knot.java:74) ~[fabric-loader-0.16.9.jar:?]
	at net.fabricmc.loader.impl.launch.knot.KnotServer.main(KnotServer.java:23) ~[fabric-loader-0.16.9.jar:?]
	at net.fabricmc.loader.impl.launch.server.FabricServerLauncher.main(FabricServerLauncher.java:69) ~[fabric-loader-0.16.9.jar:?]
	at net.fabricmc.installer.ServerLauncher.main(ServerLauncher.java:69) ~[fabric-server-launch.jar:1.0.1]
[20:18:18] [main/ERROR]: Parsing error loading recipe festive_delight:spring_rolls_craft
com.google.gson.JsonSyntaxException: Unknown item 'farmersdelight:wheat_dought'
	at net.minecraft.class_1869.method_17878(class_1869.java:272) ~[server-intermediary.jar:?]
	at java.util.Optional.orElseThrow(Optional.java:403) ~[?:?]
	at net.minecraft.class_1869.method_8155(class_1869.java:272) ~[server-intermediary.jar:?]
	at net.minecraft.class_1856.method_8107(class_1856.java:160) ~[server-intermediary.jar:?]
	at net.minecraft.class_1856.method_8102(class_1856.java:143) ~[server-intermediary.jar:?]
	at net.minecraft.class_1856.method_52177(class_1856.java:135) ~[server-intermediary.jar:?]
	at vectorwing.farmersdelight.common.crafting.CookingPotRecipe$Serializer.readIngredients(CookingPotRecipe.java:202) ~[FarmersDelight-1.20.1-2.1.6+refabricated.jar:?]
	at vectorwing.farmersdelight.common.crafting.CookingPotRecipe$Serializer.fromJson(CookingPotRecipe.java:179) ~[FarmersDelight-1.20.1-2.1.6+refabricated.jar:?]
	at vectorwing.farmersdelight.common.crafting.CookingPotRecipe$Serializer.method_8121(CookingPotRecipe.java:171) ~[FarmersDelight-1.20.1-2.1.6+refabricated.jar:?]
	at net.minecraft.class_1863.method_17720(class_1863.java:135) ~[server-intermediary.jar:?]
	at net.minecraft.class_1863.method_20705(class_1863.java:56) ~[server-intermediary.jar:?]
	at net.minecraft.class_1863.method_18788(class_1863.java:35) ~[server-intermediary.jar:?]
	at net.minecraft.class_4080.method_18790(class_4080.java:13) ~[server-intermediary.jar:?]
	at java.util.concurrent.CompletableFuture$UniAccept.tryFire(CompletableFuture.java:718) ~[?:?]
	at java.util.concurrent.CompletableFuture$Completion.run(CompletableFuture.java:482) ~[?:?]
	at net.minecraft.class_4014.method_18365(class_4014.java:69) ~[server-intermediary.jar:?]
	at net.minecraft.class_156.method_43498(class_156.java:950) ~[server-intermediary.jar:?]
	at net.minecraft.class_156.method_43499(class_156.java:938) ~[server-intermediary.jar:?]
	at net.minecraft.server.Main.main(Main.java:160) ~[server-intermediary.jar:?]
	at net.fabricmc.loader.impl.game.minecraft.MinecraftGameProvider.launch(MinecraftGameProvider.java:480) ~[fabric-loader-0.16.9.jar:?]
	at net.fabricmc.loader.impl.launch.knot.Knot.launch(Knot.java:74) ~[fabric-loader-0.16.9.jar:?]
	at net.fabricmc.loader.impl.launch.knot.KnotServer.main(KnotServer.java:23) ~[fabric-loader-0.16.9.jar:?]
	at net.fabricmc.loader.impl.launch.server.FabricServerLauncher.main(FabricServerLauncher.java:69) ~[fabric-loader-0.16.9.jar:?]
	at net.fabricmc.installer.ServerLauncher.main(ServerLauncher.java:69) ~[fabric-server-launch.jar:1.0.1]
[20:18:18] [main/INFO]: Loaded 18 recipes
[20:18:18] [main/INFO]: Loaded 3633 advancements
[20:18:18] [main/INFO]: Reloading Spawner Rune data...
[20:18:18] [main/WARN]: Could not decode GlobalLootModifier with json id supplementaries:ash_from_burning_mobs - error: Unknown registry key in ResourceKey[minecraft:root / porting_lib:global_loot_modifier_serializers]: moonlight:add_item
[20:18:18] [main/WARN]: Could not decode GlobalLootModifier with json id supplementaries:straw_from_flax - error: Unknown registry key in ResourceKey[minecraft:root / porting_lib:global_loot_modifier_serializers]: moonlight:add_item
[20:18:18] [main/WARN]: Could not decode GlobalLootModifier with json id supplementaries:fishing_antique_ink - error: Unknown registry key in ResourceKey[minecraft:root / porting_lib:global_loot_modifier_serializers]: moonlight:add_item
[20:18:18] [main/WARN]: Could not decode GlobalLootModifier with json id supplementaries:fishing_antique_ink_treasure - error: Unknown registry key in ResourceKey[minecraft:root / porting_lib:global_loot_modifier_serializers]: moonlight:add_item
[20:18:18] [Thread-4/INFO]: Loaded 60 translation keys
[20:18:18] [main/INFO]: Loaded 27 flute songs
[20:18:18] [main/INFO]: Deserializing default trades of profession: villagersplus:alchemist
[20:18:18] [main/INFO]: Deserializing default trades of profession: villagersplus:horticulturist
[20:18:18] [main/INFO]: Deserializing default trades of profession: villagersplus:occultist
[20:18:18] [main/INFO]: Deserializing default trades of profession: villagersplus:oceanographer
[20:18:18] [main/INFO]: Reloading grave shape (server)
[20:18:18] [main/INFO]: Grave model and shape reload successful (server)
[20:18:18] [main/INFO]: Reloading YIGD graveyard data (server)
[20:18:18] [main/INFO]: Graveyard data successfully reloaded (server)
[20:18:18] [main/INFO]: Reloading YIGD grave area overrides (server)
[20:18:18] [main/INFO]: Grave area overrides successfully reloaded (server)
[20:18:19] [main/INFO]: Finished additional setup in 27 ms
[20:18:19] [main/INFO]: Applied 7 data villager trades
[20:18:19] [main/INFO]: Cleared non-static resources for pack supplementaries:generated_pack in: 1 ms
[20:18:19] [main/ERROR]: [worlds_together] Unable to parse Version in jar:file:///workspaces/Holii/servidor_minecraft/mods/tectonic-fabric-1.20.1-2.4.1b.jar
[20:18:19] [main/INFO]: [bclib] Updating Pickers for BCLib - The End  BiomeSource (793cdaf6)
[20:18:19] [main/INFO]: [bclib] Updating Pickers for BCLib - Nether BiomeSource (3bba939a)
[20:18:20] [main/INFO]: Mixing server.MixinDedicatedServer from mixins/common/nochatreports.mixins.json into net.minecraft.class_3176
[20:18:20] [main/INFO]: Mixing server.MixinPlayerList from mixins/common/nochatreports.mixins.json into net.minecraft.class_3324
[20:18:20] [main/INFO]: Applied 2664 biome modifications to 187 of 215 new biomes in 195.3 ms
[20:18:20] [Server thread/INFO]: Loading server config for easyanvils
[20:18:20] [Server thread/INFO]: Loading server config for easymagic
[20:18:20] [Server thread/INFO]: Loading server config for illagerinvasion
[20:18:20] [Server thread/INFO]: Loading server config for puzzlesapi
[20:18:20] [Server thread/INFO]: Async Locator -> Starting locating executor service with thread pool size of 1
[20:18:20] [Server thread/INFO]: Adding waystone fwaystones:village_waystone to village kaisyn:village/sparse_jungle_polynesian/houses
[20:18:20] [Server thread/INFO]: Adding waystone fwaystones:village_waystone to village kaisyn:village/flower_forest_japanese/houses
[20:18:20] [Server thread/INFO]: Adding waystone fwaystones:village_waystone to village kaisyn:village/swamp_boat/houses
[20:18:20] [Server thread/INFO]: Adding waystone fwaystones:village_waystone to village minecraft:village/savanna/houses
[20:18:20] [Server thread/INFO]: Adding waystone fwaystones:village_waystone to village minecraft:village/plains/houses
[20:18:20] [Server thread/INFO]: Adding waystone fwaystones:village_waystone to village kaisyn:village/badlands_pueblo/houses
[20:18:20] [Server thread/INFO]: Adding waystone fwaystones:village_waystone to village kaisyn:village/sunflower_plains_farm/side/farms
[20:18:20] [Server thread/INFO]: Adding waystone fwaystones:village_waystone to village kaisyn:village/exclusives/tudor/houses
[20:18:20] [Server thread/INFO]: Adding waystone fwaystones:village_waystone to village kaisyn:village/exclusives/mediterranean/houses/regular
[20:18:20] [Server thread/INFO]: Adding waystone fwaystones:village_waystone to village kaisyn:village/snowy_slopes_inn/decor
[20:18:20] [Server thread/INFO]: Adding waystone fwaystones:village_waystone to village kaisyn:village/grove_villager_outpost/decor
[20:18:20] [Server thread/INFO]: Adding waystone fwaystones:village_waystone to village minecraft:village/taiga/houses
[20:18:20] [Server thread/INFO]: Adding waystone fwaystones:village_waystone to village kaisyn:village/meadow_swiss/houses
[20:18:20] [Server thread/INFO]: Adding waystone fwaystones:village_waystone to village kaisyn:village/exclusives/iberian/houses
[20:18:20] [Server thread/INFO]: Adding waystone fwaystones:village_waystone to village kaisyn:village/snowy_taiga_viking/houses
[20:18:20] [Server thread/INFO]: Adding waystone fwaystones:village_waystone to village kaisyn:village/birch_forest_romanian/houses
[20:18:20] [Server thread/INFO]: Adding waystone fwaystones:village_waystone to village kaisyn:village/jungle_tribal/houses
[20:18:20] [Server thread/INFO]: Adding waystone fwaystones:village_waystone to village kaisyn:village/beach_lighthouse/side/cross
[20:18:20] [Server thread/INFO]: Adding waystone fwaystones:village_waystone to village minecraft:village/snowy/houses
[20:18:20] [Server thread/INFO]: Adding waystone fwaystones:village_waystone to village kaisyn:village/mushroom_fields_fantasy/houses
[20:18:20] [Server thread/INFO]: Adding waystone fwaystones:village_waystone to village kaisyn:village/old_growth_taiga_polish/houses
[20:18:20] [Server thread/INFO]: Adding waystone fwaystones:village_waystone to village kaisyn:village/exclusives/rustic/houses
[20:18:20] [Server thread/INFO]: Adding waystone fwaystones:desert_village_waystone to village minecraft:village/desert/houses
[20:18:20] [Server thread/INFO]: Adding waystone fwaystones:village_waystone to village kaisyn:village/exclusives/swedish/houses
[20:18:21] [pool-2-thread-1/INFO]: Reloading server config for easyanvils
[20:18:21] [Server thread/INFO]: Starting background profiler...
[20:18:24] [Server thread/INFO]: [STDOUT]: Encoded SpellRegistry size (with package overhead): 109807 bytes (in 11 string chunks with the size of 10000)
[20:18:24] [Server thread/INFO]: Starting minecraft server version 1.20.1
[20:18:24] [Server thread/INFO]: Loading properties
[20:18:24] [Server thread/INFO]: Default game type: SURVIVAL
[20:18:24] [Server thread/INFO]: Generating keypair
[20:18:24] [Server thread/INFO]: Starting Minecraft server on *:25565
[20:18:25] [Server thread/INFO]: Using epoll channel type
[20:18:25] [e4mc_minecraft-init/INFO]: req: https://broker.e4mc.link/getBestRelay GET
[20:18:25] [Server thread/INFO]: Using epoll channel type
[20:18:25] [Server thread/INFO]: [betternether] Freeze Registry[ResourceKey[minecraft:root / worlds_together:worldgen/betterx/surface_rules] (Stable)]
[20:18:25] [Server thread/INFO]: Preparing level "world"
[20:18:25] [Server thread/INFO]: [bclib] 
Apply Modifications for minecells:ramparts
    class_1992 (272a0ee6)
        biomes     = 1
        namespaces = minecells(1)
[20:18:25] [Server thread/INFO]: [bclib] 
Apply Modifications for minecraft:overworld
    class_4766 (43e54fe0)
        biomes     = 147
        namespaces = minecraft(53), terralith(94)
[20:18:25] [Server thread/INFO]: [bclib] 
Apply Modifications for minecells:prison
    class_1992 (1d2878fc)
        biomes     = 1
        namespaces = minecells(1)
[20:18:25] [Server thread/INFO]: [bclib] 
Apply Modifications for minecraft:the_end
    BCLib - The End  BiomeSource (793cdaf6)
        biomes     = 24
        namespaces = betterend(19), minecraft(5)
        seed       = 0
        height     = 128
        deciders   = 0
        config     = BCLEndBiomeSourceConfig{mapVersion=hex, generatorVersion=vanilla, withVoidBiomes=true, innerVoidRadiusSquared=1048576, voidBiomesSize=256, centerBiomesSize=256, landBiomesSize=256, barrensBiomesSize=256}
[20:18:25] [Server thread/INFO]: [bclib] 
Apply Modifications for minecraft:the_nether
    BCLib - Nether BiomeSource (3bba939a)
        biomes     = 27
        namespaces = minecraft(5), betternether(22)
        seed       = 0
        height     = 128
        config     = BCLibNetherBiomeSourceConfig{mapVersion=hex, useVerticalBiomes=true, amplified=false, biomeSize=256, biomeSizeVertical=86}
[20:18:25] [Server thread/INFO]: [bclib] 
Apply Modifications for minecells:black_bridge
    class_1992 (2f42fc53)
        biomes     = 1
        namespaces = minecells(1)
[20:18:25] [Server thread/INFO]: [bclib] 
Apply Modifications for graveyard:past
    class_4766 (5fa30338)
        biomes     = 53
        namespaces = minecraft(53)
[20:18:25] [Server thread/INFO]: [bclib] 
Apply Modifications for minecells:promenade
    class_1992 (392d78bf)
        biomes     = 1
        namespaces = minecells(1)
[20:18:25] [Server thread/INFO]: [bclib] 
Apply Modifications for minecells:insufferable_crypt
    class_1992 (6febc94b)
        biomes     = 1
        namespaces = minecells(1)
[20:18:25] [Server thread/INFO]: [bclib] World Dimensions: 
 - minecells:ramparts: 
     net.minecraft.class_3754@efab10e 
     class_1992 (272a0ee6)
         biomes     = 1
         namespaces = minecells(1)
 - minecraft:overworld: 
     net.minecraft.class_3754@50fb437 
     class_4766 (43e54fe0)
         biomes     = 147
         namespaces = minecraft(53), terralith(94)
 - minecells:prison: 
     net.minecraft.class_2897@4681c896 
     class_1992 (1d2878fc)
         biomes     = 1
         namespaces = minecells(1)
 - minecraft:the_end: 
     BCLib - Chunk Generator (2b72d5c2) 
     BCLib - The End  BiomeSource (793cdaf6)
         biomes     = 24
         namespaces = betterend(19), minecraft(5)
         seed       = 0
         height     = 128
         deciders   = 0
         config     = BCLEndBiomeSourceConfig{mapVersion=hex, generatorVersion=vanilla, withVoidBiomes=true, innerVoidRadiusSquared=1048576, voidBiomesSize=256, centerBiomesSize=256, landBiomesSize=256, barrensBiomesSize=256}
 - minecraft:the_nether: 
     BCLib - Chunk Generator (1a289c1e) 
     BCLib - Nether BiomeSource (3bba939a)
         biomes     = 27
         namespaces = minecraft(5), betternether(22)
         seed       = 0
         height     = 128
         config     = BCLibNetherBiomeSourceConfig{mapVersion=hex, useVerticalBiomes=true, amplified=false, biomeSize=256, biomeSizeVertical=86}
 - minecells:black_bridge: 
     net.minecraft.class_2897@74acb0c8 
     class_1992 (2f42fc53)
         biomes     = 1
         namespaces = minecells(1)
 - graveyard:past: 
     net.minecraft.class_3754@1b5bcbe 
     class_4766 (5fa30338)
         biomes     = 53
         namespaces = minecraft(53)
 - minecells:promenade: 
     net.minecraft.class_3754@2896a5a2 
     class_1992 (392d78bf)
         biomes     = 1
         namespaces = minecells(1)
 - minecells:insufferable_crypt: 
     net.minecraft.class_2897@4317d844 
     class_1992 (6febc94b)
         biomes     = 1
         namespaces = minecells(1)
[20:18:25] [Server thread/INFO]: [bclib] Merged 19 additional Surface Rules for 
BCLib - The End  BiomeSource (793cdaf6)
    biomes     = 24
    namespaces = betterend(19), minecraft(5)
    seed       = 0
    height     = 128
    deciders   = 0
    config     = BCLEndBiomeSourceConfig{mapVersion=hex, generatorVersion=vanilla, withVoidBiomes=true, innerVoidRadiusSquared=1048576, voidBiomesSize=256, centerBiomesSize=256, landBiomesSize=256, barrensBiomesSize=256} => 20
[20:18:25] [Server thread/INFO]: [bclib] Merged 22 additional Surface Rules for 
BCLib - Nether BiomeSource (3bba939a)
    biomes     = 27
    namespaces = minecraft(5), betternether(22)
    seed       = 0
    height     = 128
    config     = BCLibNetherBiomeSourceConfig{mapVersion=hex, useVerticalBiomes=true, amplified=false, biomeSize=256, biomeSizeVertical=86} => 74
[20:18:26] [e4mc_minecraft-init/INFO]: resp: (GET https://broker.e4mc.link/getBestRelay) 200
[20:18:26] [e4mc_minecraft-init/INFO]: using relay na
[20:18:29] [nioEventLoopGroup-2-1/INFO]: control channel open: [id: 0x047f2ded, QuicStreamAddress{streamId=0}]
[20:18:29] [nioEventLoopGroup-2-1/INFO]: control channel write complete
[20:18:29] [nioEventLoopGroup-2-1/WARN]: e4mc running on Dedicated Server; This works, but isn't recommended as e4mc is designed for short-lived LAN servers
[20:18:29] [nioEventLoopGroup-2-1/INFO]: Domain assigned: key-brain.na.e4mc.link
[20:18:29] [Server thread/WARN]: Method overwrite conflict for removeIf in modernfix-common.mixins.json:bugfix.paper_chunk_patches.SortedArraySetMixin from mod modernfix, previously written by me.jellysquid.mods.lithium.mixin.world.chunk_tickets.SortedArraySetMixin. Skipping method.
[20:19:04] [Server thread/INFO]: [Village Spawn Point] Finding the nearest village. This might take a few seconds.
[20:19:05] [Server thread/INFO]: Instantiating Mojang DFU
[20:19:09] [Server thread/INFO]: Locating element #minecraft:village (towns_and_towers:village_savanna_plateau) took 4309 ms
[20:19:19] [Server thread/INFO]: [Village Spawn Point] Village found! The world will now generate.
[20:19:24] [Server thread/INFO]: Preparing start region for dimension minecraft:overworld
[20:19:24] [Worker-Main-1/INFO]: Preparing spawn area: 0%
[20:19:24] [Worker-Main-1/INFO]: Preparing spawn area: 0%
[20:19:25] [Worker-Main-1/INFO]: Preparing spawn area: 0%
[20:19:25] [Worker-Main-1/INFO]: Preparing spawn area: 0%
[20:19:26] [Worker-Main-1/INFO]: Preparing spawn area: 0%
[20:19:26] [Worker-Main-1/INFO]: Preparing spawn area: 0%
[20:19:27] [Worker-Main-1/INFO]: Preparing spawn area: 0%
[20:19:27] [Worker-Main-1/INFO]: Preparing spawn area: 0%
[20:19:28] [Worker-Main-1/INFO]: Preparing spawn area: 0%
[20:19:28] [Worker-Main-1/INFO]: Preparing spawn area: 0%
[20:19:29] [Worker-Main-1/INFO]: Preparing spawn area: 1%
[20:19:29] [Worker-Main-1/INFO]: Preparing spawn area: 1%
[20:19:30] [Worker-Main-1/INFO]: Preparing spawn area: 1%
[20:19:30] [Worker-Main-1/INFO]: Preparing spawn area: 1%
[20:19:31] [Worker-Main-1/INFO]: Preparing spawn area: 1%
[20:19:31] [Worker-Main-1/INFO]: Preparing spawn area: 2%
[20:19:32] [Worker-Main-1/INFO]: Preparing spawn area: 2%
[20:19:32] [Worker-Main-1/INFO]: Preparing spawn area: 2%
[20:19:33] [Worker-Main-1/INFO]: Preparing spawn area: 2%
[20:19:33] [Worker-Main-1/INFO]: Preparing spawn area: 2%
[20:19:34] [Worker-Main-1/INFO]: Preparing spawn area: 3%
[20:19:34] [Worker-Main-1/INFO]: Preparing spawn area: 3%
[20:19:35] [Worker-Main-1/INFO]: Preparing spawn area: 4%
[20:19:35] [Worker-Main-1/INFO]: Preparing spawn area: 4%
[20:19:36] [Worker-Main-1/INFO]: Preparing spawn area: 4%
[20:19:36] [Worker-Main-1/INFO]: Preparing spawn area: 5%
[20:19:37] [Worker-Main-1/INFO]: Preparing spawn area: 5%
[20:19:37] [Worker-Main-1/INFO]: Preparing spawn area: 5%
[20:19:38] [Worker-Main-1/INFO]: Preparing spawn area: 6%
[20:19:38] [Worker-Main-1/INFO]: Preparing spawn area: 6%
[20:19:39] [Worker-Main-1/INFO]: Preparing spawn area: 7%
[20:19:39] [Worker-Main-1/INFO]: Preparing spawn area: 7%
[20:19:40] [Worker-Main-1/INFO]: Preparing spawn area: 8%
[20:19:40] [Worker-Main-1/INFO]: Preparing spawn area: 9%
[20:19:41] [Worker-Main-1/INFO]: Preparing spawn area: 9%
[20:19:41] [Worker-Main-1/INFO]: Preparing spawn area: 9%
[20:19:42] [Worker-Main-1/INFO]: Preparing spawn area: 10%
[20:19:42] [Worker-Main-1/INFO]: Preparing spawn area: 10%
[20:19:43] [Worker-Main-1/INFO]: Preparing spawn area: 11%
[20:19:43] [Worker-Main-1/INFO]: Preparing spawn area: 12%
[20:19:44] [Worker-Main-1/INFO]: Preparing spawn area: 12%
[20:19:44] [Worker-Main-1/INFO]: Preparing spawn area: 13%
[20:19:45] [Worker-Main-1/INFO]: Preparing spawn area: 13%
[20:19:45] [Worker-Main-1/INFO]: Preparing spawn area: 14%
[20:19:46] [Worker-Main-1/INFO]: Preparing spawn area: 15%
[20:19:46] [Worker-Main-1/INFO]: Preparing spawn area: 15%
[20:19:47] [Worker-Main-1/INFO]: Preparing spawn area: 16%
[20:19:47] [Worker-Main-1/INFO]: Preparing spawn area: 16%
[20:19:48] [Worker-Main-1/INFO]: Preparing spawn area: 17%
[20:19:48] [Worker-Main-1/INFO]: Preparing spawn area: 17%
[20:19:49] [Worker-Main-1/INFO]: Preparing spawn area: 18%
[20:19:49] [Worker-Main-1/INFO]: Preparing spawn area: 19%
[20:19:50] [Worker-Main-1/INFO]: Preparing spawn area: 19%
[20:19:50] [Worker-Main-1/INFO]: Preparing spawn area: 20%
[20:19:51] [Worker-Main-1/INFO]: Preparing spawn area: 21%
[20:19:51] [Worker-Main-1/INFO]: Preparing spawn area: 21%
[20:19:52] [Worker-Main-1/INFO]: Preparing spawn area: 23%
[20:19:52] [Worker-Main-1/INFO]: Preparing spawn area: 23%
[20:19:53] [Worker-Main-1/INFO]: Preparing spawn area: 23%
[20:19:53] [Worker-Main-1/INFO]: Preparing spawn area: 23%
[20:19:54] [Worker-Main-1/INFO]: Preparing spawn area: 24%
[20:19:54] [Worker-Main-1/INFO]: Preparing spawn area: 25%
[20:19:55] [Worker-Main-1/INFO]: Preparing spawn area: 26%
[20:19:55] [Worker-Main-1/INFO]: Preparing spawn area: 26%
[20:19:56] [Worker-Main-1/INFO]: Preparing spawn area: 27%
[20:19:56] [Worker-Main-1/INFO]: Preparing spawn area: 27%
[20:19:57] [Worker-Main-1/INFO]: Preparing spawn area: 27%
[20:19:57] [Worker-Main-1/INFO]: Preparing spawn area: 28%
[20:19:58] [Worker-Main-1/INFO]: Preparing spawn area: 29%
[20:19:58] [Worker-Main-1/INFO]: Preparing spawn area: 29%
[20:19:59] [Worker-Main-1/INFO]: Preparing spawn area: 31%
[20:19:59] [Worker-Main-1/INFO]: Preparing spawn area: 32%
[20:20:00] [Worker-Main-1/INFO]: Preparing spawn area: 32%
[20:20:00] [Worker-Main-1/INFO]: Preparing spawn area: 32%
[20:20:01] [Worker-Main-1/INFO]: Preparing spawn area: 33%
[20:20:01] [Worker-Main-1/INFO]: Preparing spawn area: 34%
[20:20:02] [Worker-Main-1/INFO]: Preparing spawn area: 34%
[20:20:02] [Worker-Main-1/INFO]: Preparing spawn area: 34%
[20:20:03] [Worker-Main-1/INFO]: Preparing spawn area: 35%
[20:20:03] [Worker-Main-1/INFO]: Preparing spawn area: 36%
[20:20:04] [Worker-Main-1/INFO]: Preparing spawn area: 37%
[20:20:04] [Worker-Main-1/INFO]: Preparing spawn area: 38%
[20:20:05] [Worker-Main-1/INFO]: Preparing spawn area: 38%
[20:20:05] [Worker-Main-1/INFO]: Preparing spawn area: 39%
[20:20:06] [Worker-Main-1/INFO]: Preparing spawn area: 40%
[20:20:06] [Worker-Main-1/INFO]: Preparing spawn area: 41%
[20:20:07] [Worker-Main-1/INFO]: Preparing spawn area: 42%
[20:20:07] [Worker-Main-1/INFO]: Preparing spawn area: 42%
[20:20:08] [Worker-Main-1/INFO]: Preparing spawn area: 43%
[20:20:08] [Worker-Main-1/INFO]: Preparing spawn area: 44%
[20:20:09] [Worker-Main-1/INFO]: Preparing spawn area: 44%
[20:20:09] [Worker-Main-1/INFO]: Preparing spawn area: 44%
[20:20:10] [Worker-Main-1/INFO]: Preparing spawn area: 44%
[20:20:10] [Worker-Main-1/INFO]: Preparing spawn area: 45%
[20:20:11] [Worker-Main-1/INFO]: Preparing spawn area: 46%
[20:20:11] [Worker-Main-1/INFO]: Preparing spawn area: 47%
[20:20:12] [Worker-Main-1/INFO]: Preparing spawn area: 48%
[20:20:12] [Worker-Main-1/INFO]: Preparing spawn area: 48%
[20:20:13] [Worker-Main-1/INFO]: Preparing spawn area: 49%
[20:20:13] [Worker-Main-1/INFO]: Preparing spawn area: 50%
[20:20:14] [Worker-Main-1/INFO]: Preparing spawn area: 50%
[20:20:14] [Worker-Main-1/INFO]: Preparing spawn area: 51%
[20:20:15] [Worker-Main-1/INFO]: Preparing spawn area: 52%
[20:20:15] [Worker-Main-1/INFO]: Preparing spawn area: 52%
[20:20:16] [Worker-Main-1/INFO]: Preparing spawn area: 53%
[20:20:16] [Worker-Main-1/INFO]: Preparing spawn area: 54%
[20:20:17] [Worker-Main-1/INFO]: Preparing spawn area: 54%
[20:20:17] [Worker-Main-1/INFO]: Preparing spawn area: 54%
[20:20:18] [Worker-Main-1/INFO]: Preparing spawn area: 55%
[20:20:18] [Worker-Main-1/INFO]: Preparing spawn area: 56%
[20:20:19] [Worker-Main-1/INFO]: Preparing spawn area: 57%
[20:20:19] [Worker-Main-1/INFO]: Preparing spawn area: 58%
[20:20:20] [Worker-Main-1/INFO]: Preparing spawn area: 59%
[20:20:20] [Worker-Main-1/INFO]: Preparing spawn area: 59%
[20:20:21] [Worker-Main-9/INFO]: Preparing spawn area: 60%
[20:20:21] [Worker-Main-9/INFO]: Preparing spawn area: 60%
[20:20:22] [Worker-Main-9/INFO]: Preparing spawn area: 61%
[20:20:22] [Worker-Main-9/INFO]: Preparing spawn area: 61%
[20:20:23] [Worker-Main-9/INFO]: Preparing spawn area: 62%
[20:20:23] [Worker-Main-9/INFO]: Preparing spawn area: 62%
[20:20:24] [Worker-Main-9/INFO]: Preparing spawn area: 63%
[20:20:24] [Worker-Main-9/INFO]: Preparing spawn area: 64%
[20:20:25] [Worker-Main-9/INFO]: Preparing spawn area: 65%
[20:20:25] [Worker-Main-9/INFO]: Preparing spawn area: 65%
[20:20:26] [Worker-Main-9/INFO]: Preparing spawn area: 67%
[20:20:26] [Worker-Main-9/INFO]: Preparing spawn area: 68%
[20:20:27] [Worker-Main-9/INFO]: Preparing spawn area: 68%
[20:20:27] [Worker-Main-9/INFO]: Preparing spawn area: 68%
[20:20:28] [Worker-Main-9/INFO]: Preparing spawn area: 69%
[20:20:28] [Worker-Main-9/INFO]: Preparing spawn area: 70%
[20:20:29] [Worker-Main-9/INFO]: Preparing spawn area: 70%
[20:20:29] [Worker-Main-9/INFO]: Preparing spawn area: 72%
[20:20:30] [Worker-Main-9/INFO]: Preparing spawn area: 74%
[20:20:30] [Worker-Main-9/INFO]: Preparing spawn area: 74%
[20:20:31] [Worker-Main-9/INFO]: Preparing spawn area: 75%
[20:20:31] [Worker-Main-9/INFO]: Preparing spawn area: 75%
[20:20:32] [Worker-Main-9/INFO]: Preparing spawn area: 76%
[20:20:32] [Worker-Main-9/INFO]: Preparing spawn area: 76%
[20:20:33] [Worker-Main-9/INFO]: Preparing spawn area: 77%
[20:20:33] [Worker-Main-9/INFO]: Preparing spawn area: 77%
[20:20:34] [Worker-Main-9/INFO]: Preparing spawn area: 78%
[20:20:34] [Worker-Main-9/INFO]: Preparing spawn area: 78%
[20:20:35] [Worker-Main-9/INFO]: Preparing spawn area: 80%
[20:20:35] [Worker-Main-9/INFO]: Preparing spawn area: 81%
[20:20:36] [Worker-Main-9/INFO]: Preparing spawn area: 82%
[20:20:36] [Worker-Main-9/INFO]: Preparing spawn area: 82%
[20:20:37] [Worker-Main-9/INFO]: Preparing spawn area: 82%
[20:20:37] [Netty Epoll Server IO #2/INFO]: Mixing server.MixinServerboundChatCommandPacket from mixins/common/nochatreports.mixins.json into net.minecraft.class_7472
[20:20:37] [Netty Epoll Server IO #2/INFO]: Mixing server.MixinServerboundChatPacket from mixins/common/nochatreports.mixins.json into net.minecraft.class_2797
[20:20:37] [Netty Epoll Server IO #2/INFO]: Mixing server.MixinServerboundChatSessionUpdatePacket from mixins/common/nochatreports.mixins.json into net.minecraft.class_7861
[20:20:37] [Worker-Main-9/INFO]: Preparing spawn area: 83%
[20:20:38] [Worker-Main-9/INFO]: Preparing spawn area: 84%
[20:20:38] [Worker-Main-9/INFO]: Preparing spawn area: 84%
[20:20:39] [Worker-Main-9/INFO]: Preparing spawn area: 84%
[20:20:39] [Worker-Main-9/INFO]: Preparing spawn area: 85%
[20:20:40] [Worker-Main-9/INFO]: Preparing spawn area: 85%
[20:20:40] [Worker-Main-9/INFO]: Preparing spawn area: 86%
[20:20:41] [Worker-Main-9/INFO]: Preparing spawn area: 86%
[20:20:41] [Worker-Main-9/INFO]: Preparing spawn area: 87%
[20:20:42] [Worker-Main-9/INFO]: Preparing spawn area: 88%
[20:20:42] [Worker-Main-9/INFO]: Preparing spawn area: 89%
[20:20:43] [Worker-Main-9/INFO]: Preparing spawn area: 90%
[20:20:43] [Worker-Main-9/INFO]: Preparing spawn area: 90%
[20:20:44] [Worker-Main-9/INFO]: Preparing spawn area: 92%
[20:20:44] [Worker-Main-9/INFO]: Preparing spawn area: 92%
[20:20:45] [Worker-Main-9/INFO]: Preparing spawn area: 93%
[20:20:45] [Worker-Main-9/INFO]: Preparing spawn area: 94%
[20:20:46] [Worker-Main-9/INFO]: Preparing spawn area: 96%
[20:20:46] [Worker-Main-9/INFO]: Preparing spawn area: 96%
[20:20:47] [Worker-Main-9/INFO]: Preparing spawn area: 97%
[20:20:47] [Worker-Main-9/INFO]: Preparing spawn area: 97%
[20:20:48] [Worker-Main-9/INFO]: Preparing spawn area: 100%
[20:20:48] [Server thread/INFO]: Time elapsed: 84050 ms
[20:20:48] [Server thread/INFO]: Done (142.689s)! For help, type "help"
[20:20:48] [Server thread/WARN]: Dedicated server took 227.73 seconds to load
[20:20:48] [Server thread/INFO]: Encoded Weapon Attribute registry size (with package overhead): 89924 bytes (in 9 string chunks with the size of 10000)
[20:20:48] [Server thread/WARN]: Config dragonfight.json not found, recreating default
[20:20:48] [Server thread/INFO]: Loaded config for: dragonfight.json
[20:20:48] [Server thread/WARN]: Config biomemusic.json not found, recreating default
[20:20:48] [Server thread/INFO]: Loaded config for: biomemusic.json
[20:20:48] [Server thread/INFO]: [STDOUT]: PREPARING FOR RELOAD
[20:20:48] [Server thread/INFO]: Start loading plugin from Jade
[20:20:48] [Server thread/INFO]: Start loading plugin from Jade
[20:20:48] [Server thread/INFO]: Start loading plugin from Jade
[20:20:48] [Server thread/INFO]: Start loading plugin from Jade Addons
[20:20:48] [Server thread/INFO]: Start loading plugin from Supplementaries
[20:20:48] [Server thread/INFO]: Mixing common.MixinServerStatus from mixins/common/nochatreports.mixins.json into net.minecraft.class_2926
[20:20:48] [Server thread/INFO]: Loading Xaero's Minimap - Stage 2/2 (Server)
[20:20:48] [Server thread/INFO]: Loading Xaero's World Map - Stage 2/2 (Server)
[20:21:17] [User Authenticator #1/INFO]: UUID of player JzYq is a4996542-44c5-43f8-9242-95a16141fccb
[20:21:17] [Server thread/INFO]: JzYq[/127.198.30.220:58161] logged in with entity id 327 at (198.5, 137.0, 215.5)
[20:21:17] [Server thread/INFO]: Sending server config values to client
[20:21:17] [Server thread/INFO]: Syncing config to JzYq (a4996542-44c5-43f8-9242-95a16141fccb)
[20:21:18] [Netty Epoll Server IO #1/INFO]: Receiving client config
[20:21:18] [Server thread/INFO]: [betternether] Freeze Registry[ResourceKey[minecraft:root / worlds_together:worldgen/betterx/surface_rules] (Stable)]
[20:21:18] [Server thread/INFO]: JzYq joined the game
[20:21:19] [Server thread/INFO]: [bclib] Received Hello from Client. (server=3.0.14, client=3.0.14)
[20:21:19] [Netty Epoll Server IO #1/INFO]: Priority overwritten for player JzYq. Claiming: GRAVE / Robbing: INVENTORY
[20:21:19] [Server thread/INFO]: [bclib] Sending Hello to Client. (server=3.0.14)
[20:21:19] [Server thread/INFO]: [bclib] 	- Listing Mod bclib v3.0.14 (size: 2.2 MiB, download=true)
[20:21:19] [Server thread/INFO]: [bclib] 	- Listing Mod betternether v9.0.10 (size: 21.9 MiB, download=true)
[20:21:19] [Server thread/INFO]: [bclib] 	- Offering Config bclib.CONFIG_betternether.main
[20:21:19] [Server thread/INFO]: [bclib] 	- Offering Config bclib.CONFIG_betternether.generator
[20:21:19] [Server thread/INFO]: [bclib] 	- Offering Config bclib.CONFIG_betternether.blocks
[20:21:19] [Server thread/INFO]: [bclib] 	- Offering Config bclib.CONFIG_betternether.items
[20:21:19] [Server thread/INFO]: [bclib] 	- Offering Config bclib.CONFIG_betternether.biomes
[20:21:19] [Server thread/INFO]: [bclib] 	- Offering Config bclib.CONFIG_betternether.mobs
[20:21:19] [Server thread/INFO]: [bclib] 	- Offering Config bclib.CONFIG_bclib.generator
[20:21:19] [Server thread/INFO]: [bclib] 	- Offering Config bclib.CONFIG_bclib.main
[20:21:19] [Server thread/INFO]: [bclib] 	- Offering Config bclib.CONFIG_bclib.biomes
[20:21:19] [Server thread/INFO]: [bclib] 	- Offering Config bclib.CONFIG_betterend.entities
[20:21:19] [Server thread/INFO]: [bclib] 	- Offering Config bclib.CONFIG_betterend.blocks
[20:21:19] [Server thread/INFO]: [bclib] 	- Offering Config bclib.CONFIG_betterend.items
[20:21:19] [Server thread/INFO]: [bclib] 	- Offering Config bclib.CONFIG_betterend.enchantments
[20:21:19] [Server thread/INFO]: [bclib] 	- Offering Folder /workspaces/Holii/servidor_minecraft/bclib-sync (allowDelete=true)
[20:21:19] [Server thread/WARN]: Can't keep up! Is the server overloaded? Running 2077ms or 41 ticks behind
[20:21:26] [Netty Epoll Server IO #1/INFO]: [bclib] Client requested 2 Files:
[20:21:26] [Netty Epoll Server IO #1/INFO]: [bclib] 	- bclib.CONFIG_betternether.items
[20:21:26] [Netty Epoll Server IO #1/INFO]: [bclib] 	- bclib.CONFIG_betternether.biomes
[20:21:26] [Server thread/INFO]: [bclib] Sending 2 Files to Client:
[20:21:26] [Server thread/INFO]: [bclib] 	- bclib.CONFIG_betternether.items (4.1 KiB)
[20:21:26] [Server thread/INFO]: [bclib] 	- bclib.CONFIG_betternether.biomes (3.5 KiB)
[20:21:27] [Server thread/INFO]: JzYq lost connection: Disconnected
[20:21:27] [Server thread/INFO]: JzYq left the game
[20:22:55] [User Authenticator #2/INFO]: UUID of player JzYq is a4996542-44c5-43f8-9242-95a16141fccb
[20:22:55] [Server thread/INFO]: JzYq[/127.198.30.220:45225] logged in with entity id 456 at (198.5, 137.0, 215.5)
[20:22:55] [Server thread/INFO]: Sending server config values to client
[20:22:55] [Server thread/INFO]: Syncing config to JzYq (a4996542-44c5-43f8-9242-95a16141fccb)
[20:22:55] [Server thread/INFO]: [betternether] Freeze Registry[ResourceKey[minecraft:root / worlds_together:worldgen/betterx/surface_rules] (Stable)]
[20:22:55] [Server thread/INFO]: JzYq joined the game
[20:22:56] [Netty Epoll Server IO #0/INFO]: Receiving client config
[20:22:57] [Netty Epoll Server IO #0/INFO]: Priority overwritten for player JzYq. Claiming: GRAVE / Robbing: INVENTORY
[20:22:57] [Server thread/INFO]: [bclib] Received Hello from Client. (server=3.0.14, client=3.0.14)
[20:22:57] [Server thread/INFO]: [bclib] Sending Hello to Client. (server=3.0.14)
[20:22:57] [Server thread/INFO]: [bclib] 	- Listing Mod bclib v3.0.14 (size: 2.2 MiB, download=true)
[20:22:57] [Server thread/INFO]: [bclib] 	- Listing Mod betternether v9.0.10 (size: 21.9 MiB, download=true)
[20:22:57] [Server thread/INFO]: [bclib] 	- Offering Config bclib.CONFIG_betternether.main
[20:22:57] [Server thread/INFO]: [bclib] 	- Offering Config bclib.CONFIG_betternether.generator
[20:22:57] [Server thread/INFO]: [bclib] 	- Offering Config bclib.CONFIG_betternether.blocks
[20:22:57] [Server thread/INFO]: [bclib] 	- Offering Config bclib.CONFIG_betternether.items
[20:22:57] [Server thread/INFO]: [bclib] 	- Offering Config bclib.CONFIG_betternether.biomes
[20:22:57] [Server thread/INFO]: [bclib] 	- Offering Config bclib.CONFIG_betternether.mobs
[20:22:57] [Server thread/INFO]: [bclib] 	- Offering Config bclib.CONFIG_bclib.generator
[20:22:57] [Server thread/INFO]: [bclib] 	- Offering Config bclib.CONFIG_bclib.main
[20:22:57] [Server thread/INFO]: [bclib] 	- Offering Config bclib.CONFIG_bclib.biomes
[20:22:57] [Server thread/INFO]: [bclib] 	- Offering Config bclib.CONFIG_betterend.entities
[20:22:57] [Server thread/INFO]: [bclib] 	- Offering Config bclib.CONFIG_betterend.blocks
[20:22:57] [Server thread/INFO]: [bclib] 	- Offering Config bclib.CONFIG_betterend.items
[20:22:57] [Server thread/INFO]: [bclib] 	- Offering Config bclib.CONFIG_betterend.enchantments
[20:22:57] [Server thread/INFO]: [bclib] 	- Offering Folder /workspaces/Holii/servidor_minecraft/bclib-sync (allowDelete=true)
[20:23:21] [Server thread/INFO]: Made JzYq a server operator
[20:23:25] [Server thread/INFO]: [JzYq: Set own game mode to Creative Mode]
[20:24:20] [Worker-Main-9/WARN]: Tried to access a block entity before it was created. class_2338{x=66, y=-30, z=450}
[20:26:16] [Server thread/INFO]: Stopping the server
[20:26:16] [Server thread/INFO]: Async Locator -> Shutting down locating executor service
[20:26:16] [Server thread/INFO]: Stopping server
[20:26:16] [Server thread/INFO]: Saving players
[20:26:16] [Server thread/INFO]: Saving worlds
[20:26:17] [Server thread/INFO]: Saving chunks for level 'ServerLevel[world]'/minecraft:overworld
[20:26:20] [Server thread/INFO]: Saving chunks for level 'ServerLevel[world]'/minecells:ramparts
[20:26:20] [Server thread/INFO]: Saving chunks for level 'ServerLevel[world]'/minecells:prison
[20:26:20] [Server thread/INFO]: Saving chunks for level 'ServerLevel[world]'/minecraft:the_end
[20:26:20] [Server thread/INFO]: Saving chunks for level 'ServerLevel[world]'/minecraft:the_nether
[20:26:20] [Server thread/INFO]: Saving chunks for level 'ServerLevel[world]'/minecells:black_bridge
[20:26:20] [Server thread/INFO]: Saving chunks for level 'ServerLevel[world]'/graveyard:past
[20:26:20] [Server thread/INFO]: Saving chunks for level 'ServerLevel[world]'/minecells:promenade
[20:26:20] [Server thread/INFO]: Saving chunks for level 'ServerLevel[world]'/minecells:insufferable_crypt
[20:26:20] [Server thread/INFO]: ThreadedAnvilChunkStorage (world): All chunks are saved
[20:26:20] [Server thread/INFO]: ThreadedAnvilChunkStorage (ramparts): All chunks are saved
[20:26:20] [Server thread/INFO]: ThreadedAnvilChunkStorage (prison): All chunks are saved
[20:26:20] [Server thread/INFO]: ThreadedAnvilChunkStorage (DIM1): All chunks are saved
[20:26:20] [Server thread/INFO]: ThreadedAnvilChunkStorage (DIM-1): All chunks are saved
[20:26:20] [Server thread/INFO]: ThreadedAnvilChunkStorage (black_bridge): All chunks are saved
[20:26:20] [Server thread/INFO]: ThreadedAnvilChunkStorage (past): All chunks are saved
[20:26:20] [Server thread/INFO]: ThreadedAnvilChunkStorage (promenade): All chunks are saved
[20:26:20] [Server thread/INFO]: ThreadedAnvilChunkStorage (insufferable_crypt): All chunks are saved
[20:26:20] [Server thread/INFO]: ThreadedAnvilChunkStorage: All dimensions are saved
[20:26:21] [pool-2-thread-1/INFO]: Unloading server config for easyanvils
[20:26:21] [pool-2-thread-1/INFO]: Unloading server config for easymagic
[20:26:21] [pool-2-thread-1/INFO]: Unloading server config for illagerinvasion
